[2025-05-28T10:13:11.350+0000] {processor.py:161} INFO - Started process (PID=181) to work on /opt/airflow/dags/etl_api_to_sqlite.py
[2025-05-28T10:13:11.351+0000] {processor.py:830} INFO - Processing file /opt/airflow/dags/etl_api_to_sqlite.py for tasks to queue
[2025-05-28T10:13:11.353+0000] {logging_mixin.py:188} INFO - [2025-05-28T10:13:11.352+0000] {dagbag.py:538} INFO - Filling up the DagBag from /opt/airflow/dags/etl_api_to_sqlite.py
[2025-05-28T10:13:11.624+0000] {processor.py:840} INFO - DAG(s) 'etl_api_to_sqlite' retrieved from /opt/airflow/dags/etl_api_to_sqlite.py
[2025-05-28T10:13:11.649+0000] {logging_mixin.py:188} INFO - [2025-05-28T10:13:11.649+0000] {dag.py:3036} INFO - Sync 1 DAGs
[2025-05-28T10:13:11.669+0000] {logging_mixin.py:188} INFO - [2025-05-28T10:13:11.669+0000] {dag.py:3823} INFO - Setting next_dagrun for etl_api_to_sqlite to 2025-05-27 00:00:00+00:00, run_after=2025-05-28 00:00:00+00:00
[2025-05-28T10:13:11.690+0000] {processor.py:183} INFO - Processing /opt/airflow/dags/etl_api_to_sqlite.py took 0.342 seconds
[2025-05-28T10:13:42.387+0000] {processor.py:161} INFO - Started process (PID=201) to work on /opt/airflow/dags/etl_api_to_sqlite.py
[2025-05-28T10:13:42.389+0000] {processor.py:830} INFO - Processing file /opt/airflow/dags/etl_api_to_sqlite.py for tasks to queue
[2025-05-28T10:13:42.391+0000] {logging_mixin.py:188} INFO - [2025-05-28T10:13:42.391+0000] {dagbag.py:538} INFO - Filling up the DagBag from /opt/airflow/dags/etl_api_to_sqlite.py
[2025-05-28T10:13:42.672+0000] {processor.py:840} INFO - DAG(s) 'etl_api_to_sqlite' retrieved from /opt/airflow/dags/etl_api_to_sqlite.py
[2025-05-28T10:13:42.904+0000] {logging_mixin.py:188} INFO - [2025-05-28T10:13:42.903+0000] {dag.py:3036} INFO - Sync 1 DAGs
[2025-05-28T10:13:42.924+0000] {logging_mixin.py:188} INFO - [2025-05-28T10:13:42.923+0000] {dag.py:3823} INFO - Setting next_dagrun for etl_api_to_sqlite to 2025-05-27 00:00:00+00:00, run_after=2025-05-28 00:00:00+00:00
[2025-05-28T10:13:42.946+0000] {processor.py:183} INFO - Processing /opt/airflow/dags/etl_api_to_sqlite.py took 0.562 seconds
[2025-05-28T10:14:13.326+0000] {processor.py:161} INFO - Started process (PID=221) to work on /opt/airflow/dags/etl_api_to_sqlite.py
[2025-05-28T10:14:13.327+0000] {processor.py:830} INFO - Processing file /opt/airflow/dags/etl_api_to_sqlite.py for tasks to queue
[2025-05-28T10:14:13.329+0000] {logging_mixin.py:188} INFO - [2025-05-28T10:14:13.329+0000] {dagbag.py:538} INFO - Filling up the DagBag from /opt/airflow/dags/etl_api_to_sqlite.py
[2025-05-28T10:14:13.634+0000] {processor.py:840} INFO - DAG(s) 'etl_api_to_sqlite' retrieved from /opt/airflow/dags/etl_api_to_sqlite.py
[2025-05-28T10:14:13.658+0000] {logging_mixin.py:188} INFO - [2025-05-28T10:14:13.658+0000] {dag.py:3036} INFO - Sync 1 DAGs
[2025-05-28T10:14:13.676+0000] {logging_mixin.py:188} INFO - [2025-05-28T10:14:13.676+0000] {dag.py:3823} INFO - Setting next_dagrun for etl_api_to_sqlite to 2025-05-27 00:00:00+00:00, run_after=2025-05-28 00:00:00+00:00
[2025-05-28T10:14:13.694+0000] {processor.py:183} INFO - Processing /opt/airflow/dags/etl_api_to_sqlite.py took 0.371 seconds
[2025-05-28T10:14:44.271+0000] {processor.py:161} INFO - Started process (PID=259) to work on /opt/airflow/dags/etl_api_to_sqlite.py
[2025-05-28T10:14:44.274+0000] {processor.py:830} INFO - Processing file /opt/airflow/dags/etl_api_to_sqlite.py for tasks to queue
[2025-05-28T10:14:44.276+0000] {logging_mixin.py:188} INFO - [2025-05-28T10:14:44.275+0000] {dagbag.py:538} INFO - Filling up the DagBag from /opt/airflow/dags/etl_api_to_sqlite.py
[2025-05-28T10:14:44.553+0000] {processor.py:840} INFO - DAG(s) 'etl_api_to_sqlite' retrieved from /opt/airflow/dags/etl_api_to_sqlite.py
[2025-05-28T10:14:44.576+0000] {logging_mixin.py:188} INFO - [2025-05-28T10:14:44.576+0000] {dag.py:3036} INFO - Sync 1 DAGs
[2025-05-28T10:14:44.597+0000] {logging_mixin.py:188} INFO - [2025-05-28T10:14:44.597+0000] {dag.py:3823} INFO - Setting next_dagrun for etl_api_to_sqlite to 2025-05-28 00:00:00+00:00, run_after=2025-05-29 00:00:00+00:00
[2025-05-28T10:14:44.622+0000] {processor.py:183} INFO - Processing /opt/airflow/dags/etl_api_to_sqlite.py took 0.354 seconds
[2025-05-28T10:15:14.763+0000] {processor.py:161} INFO - Started process (PID=279) to work on /opt/airflow/dags/etl_api_to_sqlite.py
[2025-05-28T10:15:14.765+0000] {processor.py:830} INFO - Processing file /opt/airflow/dags/etl_api_to_sqlite.py for tasks to queue
[2025-05-28T10:15:14.767+0000] {logging_mixin.py:188} INFO - [2025-05-28T10:15:14.766+0000] {dagbag.py:538} INFO - Filling up the DagBag from /opt/airflow/dags/etl_api_to_sqlite.py
[2025-05-28T10:15:15.054+0000] {processor.py:840} INFO - DAG(s) 'etl_api_to_sqlite' retrieved from /opt/airflow/dags/etl_api_to_sqlite.py
[2025-05-28T10:15:15.078+0000] {logging_mixin.py:188} INFO - [2025-05-28T10:15:15.078+0000] {dag.py:3036} INFO - Sync 1 DAGs
[2025-05-28T10:15:15.098+0000] {logging_mixin.py:188} INFO - [2025-05-28T10:15:15.098+0000] {dag.py:3823} INFO - Setting next_dagrun for etl_api_to_sqlite to 2025-05-28 00:00:00+00:00, run_after=2025-05-29 00:00:00+00:00
[2025-05-28T10:15:15.119+0000] {processor.py:183} INFO - Processing /opt/airflow/dags/etl_api_to_sqlite.py took 0.359 seconds
[2025-05-28T10:15:45.728+0000] {processor.py:161} INFO - Started process (PID=299) to work on /opt/airflow/dags/etl_api_to_sqlite.py
[2025-05-28T10:15:45.736+0000] {processor.py:830} INFO - Processing file /opt/airflow/dags/etl_api_to_sqlite.py for tasks to queue
[2025-05-28T10:15:45.738+0000] {logging_mixin.py:188} INFO - [2025-05-28T10:15:45.738+0000] {dagbag.py:538} INFO - Filling up the DagBag from /opt/airflow/dags/etl_api_to_sqlite.py
[2025-05-28T10:15:46.246+0000] {processor.py:840} INFO - DAG(s) 'etl_api_to_sqlite' retrieved from /opt/airflow/dags/etl_api_to_sqlite.py
[2025-05-28T10:15:46.270+0000] {logging_mixin.py:188} INFO - [2025-05-28T10:15:46.269+0000] {dag.py:3036} INFO - Sync 1 DAGs
[2025-05-28T10:15:46.289+0000] {logging_mixin.py:188} INFO - [2025-05-28T10:15:46.289+0000] {dag.py:3823} INFO - Setting next_dagrun for etl_api_to_sqlite to 2025-05-28 00:00:00+00:00, run_after=2025-05-29 00:00:00+00:00
[2025-05-28T10:15:46.308+0000] {processor.py:183} INFO - Processing /opt/airflow/dags/etl_api_to_sqlite.py took 0.586 seconds
[2025-05-28T10:16:16.784+0000] {processor.py:161} INFO - Started process (PID=319) to work on /opt/airflow/dags/etl_api_to_sqlite.py
[2025-05-28T10:16:16.786+0000] {processor.py:830} INFO - Processing file /opt/airflow/dags/etl_api_to_sqlite.py for tasks to queue
[2025-05-28T10:16:16.787+0000] {logging_mixin.py:188} INFO - [2025-05-28T10:16:16.787+0000] {dagbag.py:538} INFO - Filling up the DagBag from /opt/airflow/dags/etl_api_to_sqlite.py
[2025-05-28T10:16:17.025+0000] {processor.py:840} INFO - DAG(s) 'etl_api_to_sqlite' retrieved from /opt/airflow/dags/etl_api_to_sqlite.py
[2025-05-28T10:16:17.057+0000] {logging_mixin.py:188} INFO - [2025-05-28T10:16:17.057+0000] {dag.py:3036} INFO - Sync 1 DAGs
[2025-05-28T10:16:17.076+0000] {logging_mixin.py:188} INFO - [2025-05-28T10:16:17.075+0000] {dag.py:3823} INFO - Setting next_dagrun for etl_api_to_sqlite to 2025-05-28 00:00:00+00:00, run_after=2025-05-29 00:00:00+00:00
[2025-05-28T10:16:17.099+0000] {processor.py:183} INFO - Processing /opt/airflow/dags/etl_api_to_sqlite.py took 0.319 seconds
[2025-05-28T10:16:47.554+0000] {processor.py:161} INFO - Started process (PID=339) to work on /opt/airflow/dags/etl_api_to_sqlite.py
[2025-05-28T10:16:47.556+0000] {processor.py:830} INFO - Processing file /opt/airflow/dags/etl_api_to_sqlite.py for tasks to queue
[2025-05-28T10:16:47.557+0000] {logging_mixin.py:188} INFO - [2025-05-28T10:16:47.557+0000] {dagbag.py:538} INFO - Filling up the DagBag from /opt/airflow/dags/etl_api_to_sqlite.py
[2025-05-28T10:16:47.855+0000] {processor.py:840} INFO - DAG(s) 'etl_api_to_sqlite' retrieved from /opt/airflow/dags/etl_api_to_sqlite.py
[2025-05-28T10:16:47.877+0000] {logging_mixin.py:188} INFO - [2025-05-28T10:16:47.876+0000] {dag.py:3036} INFO - Sync 1 DAGs
[2025-05-28T10:16:47.898+0000] {logging_mixin.py:188} INFO - [2025-05-28T10:16:47.898+0000] {dag.py:3823} INFO - Setting next_dagrun for etl_api_to_sqlite to 2025-05-28 00:00:00+00:00, run_after=2025-05-29 00:00:00+00:00
[2025-05-28T10:16:47.933+0000] {processor.py:183} INFO - Processing /opt/airflow/dags/etl_api_to_sqlite.py took 0.384 seconds
[2025-05-28T10:17:18.426+0000] {processor.py:161} INFO - Started process (PID=359) to work on /opt/airflow/dags/etl_api_to_sqlite.py
[2025-05-28T10:17:18.428+0000] {processor.py:830} INFO - Processing file /opt/airflow/dags/etl_api_to_sqlite.py for tasks to queue
[2025-05-28T10:17:18.430+0000] {logging_mixin.py:188} INFO - [2025-05-28T10:17:18.430+0000] {dagbag.py:538} INFO - Filling up the DagBag from /opt/airflow/dags/etl_api_to_sqlite.py
[2025-05-28T10:17:18.729+0000] {processor.py:840} INFO - DAG(s) 'etl_api_to_sqlite' retrieved from /opt/airflow/dags/etl_api_to_sqlite.py
[2025-05-28T10:17:18.757+0000] {logging_mixin.py:188} INFO - [2025-05-28T10:17:18.757+0000] {dag.py:3036} INFO - Sync 1 DAGs
[2025-05-28T10:17:18.779+0000] {logging_mixin.py:188} INFO - [2025-05-28T10:17:18.778+0000] {dag.py:3823} INFO - Setting next_dagrun for etl_api_to_sqlite to 2025-05-28 00:00:00+00:00, run_after=2025-05-29 00:00:00+00:00
[2025-05-28T10:17:18.801+0000] {processor.py:183} INFO - Processing /opt/airflow/dags/etl_api_to_sqlite.py took 0.383 seconds
[2025-05-28T10:17:49.266+0000] {processor.py:161} INFO - Started process (PID=371) to work on /opt/airflow/dags/etl_api_to_sqlite.py
[2025-05-28T10:17:49.267+0000] {processor.py:830} INFO - Processing file /opt/airflow/dags/etl_api_to_sqlite.py for tasks to queue
[2025-05-28T10:17:49.269+0000] {logging_mixin.py:188} INFO - [2025-05-28T10:17:49.268+0000] {dagbag.py:538} INFO - Filling up the DagBag from /opt/airflow/dags/etl_api_to_sqlite.py
[2025-05-28T10:17:49.511+0000] {processor.py:840} INFO - DAG(s) 'etl_api_to_sqlite' retrieved from /opt/airflow/dags/etl_api_to_sqlite.py
[2025-05-28T10:17:49.538+0000] {logging_mixin.py:188} INFO - [2025-05-28T10:17:49.538+0000] {dag.py:3036} INFO - Sync 1 DAGs
[2025-05-28T10:17:49.559+0000] {logging_mixin.py:188} INFO - [2025-05-28T10:17:49.559+0000] {dag.py:3823} INFO - Setting next_dagrun for etl_api_to_sqlite to 2025-05-28 00:00:00+00:00, run_after=2025-05-29 00:00:00+00:00
[2025-05-28T10:17:49.580+0000] {processor.py:183} INFO - Processing /opt/airflow/dags/etl_api_to_sqlite.py took 0.319 seconds
[2025-05-28T10:18:19.840+0000] {processor.py:161} INFO - Started process (PID=391) to work on /opt/airflow/dags/etl_api_to_sqlite.py
[2025-05-28T10:18:19.841+0000] {processor.py:830} INFO - Processing file /opt/airflow/dags/etl_api_to_sqlite.py for tasks to queue
[2025-05-28T10:18:19.842+0000] {logging_mixin.py:188} INFO - [2025-05-28T10:18:19.842+0000] {dagbag.py:538} INFO - Filling up the DagBag from /opt/airflow/dags/etl_api_to_sqlite.py
[2025-05-28T10:18:20.106+0000] {processor.py:840} INFO - DAG(s) 'etl_api_to_sqlite' retrieved from /opt/airflow/dags/etl_api_to_sqlite.py
[2025-05-28T10:18:20.140+0000] {logging_mixin.py:188} INFO - [2025-05-28T10:18:20.140+0000] {dag.py:3036} INFO - Sync 1 DAGs
[2025-05-28T10:18:20.164+0000] {logging_mixin.py:188} INFO - [2025-05-28T10:18:20.164+0000] {dag.py:3823} INFO - Setting next_dagrun for etl_api_to_sqlite to 2025-05-28 00:00:00+00:00, run_after=2025-05-29 00:00:00+00:00
[2025-05-28T10:18:20.189+0000] {processor.py:183} INFO - Processing /opt/airflow/dags/etl_api_to_sqlite.py took 0.352 seconds
[2025-05-28T10:18:50.529+0000] {processor.py:161} INFO - Started process (PID=411) to work on /opt/airflow/dags/etl_api_to_sqlite.py
[2025-05-28T10:18:50.531+0000] {processor.py:830} INFO - Processing file /opt/airflow/dags/etl_api_to_sqlite.py for tasks to queue
[2025-05-28T10:18:50.533+0000] {logging_mixin.py:188} INFO - [2025-05-28T10:18:50.533+0000] {dagbag.py:538} INFO - Filling up the DagBag from /opt/airflow/dags/etl_api_to_sqlite.py
[2025-05-28T10:18:50.976+0000] {processor.py:840} INFO - DAG(s) 'etl_api_to_sqlite' retrieved from /opt/airflow/dags/etl_api_to_sqlite.py
[2025-05-28T10:18:51.007+0000] {logging_mixin.py:188} INFO - [2025-05-28T10:18:51.007+0000] {dag.py:3036} INFO - Sync 1 DAGs
[2025-05-28T10:18:51.028+0000] {logging_mixin.py:188} INFO - [2025-05-28T10:18:51.028+0000] {dag.py:3823} INFO - Setting next_dagrun for etl_api_to_sqlite to 2025-05-28 00:00:00+00:00, run_after=2025-05-29 00:00:00+00:00
[2025-05-28T10:18:51.048+0000] {processor.py:183} INFO - Processing /opt/airflow/dags/etl_api_to_sqlite.py took 0.522 seconds
[2025-05-28T10:19:23.833+0000] {processor.py:161} INFO - Started process (PID=184) to work on /opt/airflow/dags/etl_api_to_sqlite.py
[2025-05-28T10:19:23.834+0000] {processor.py:830} INFO - Processing file /opt/airflow/dags/etl_api_to_sqlite.py for tasks to queue
[2025-05-28T10:19:23.836+0000] {logging_mixin.py:188} INFO - [2025-05-28T10:19:23.836+0000] {dagbag.py:538} INFO - Filling up the DagBag from /opt/airflow/dags/etl_api_to_sqlite.py
[2025-05-28T10:19:24.104+0000] {processor.py:840} INFO - DAG(s) 'etl_api_to_sqlite' retrieved from /opt/airflow/dags/etl_api_to_sqlite.py
[2025-05-28T10:19:24.126+0000] {logging_mixin.py:188} INFO - [2025-05-28T10:19:24.125+0000] {dag.py:3036} INFO - Sync 1 DAGs
[2025-05-28T10:19:24.146+0000] {logging_mixin.py:188} INFO - [2025-05-28T10:19:24.146+0000] {dag.py:3823} INFO - Setting next_dagrun for etl_api_to_sqlite to 2025-05-28 00:00:00+00:00, run_after=2025-05-29 00:00:00+00:00
[2025-05-28T10:19:24.170+0000] {processor.py:183} INFO - Processing /opt/airflow/dags/etl_api_to_sqlite.py took 0.340 seconds
[2025-05-28T10:19:54.863+0000] {processor.py:161} INFO - Started process (PID=213) to work on /opt/airflow/dags/etl_api_to_sqlite.py
[2025-05-28T10:19:54.864+0000] {processor.py:830} INFO - Processing file /opt/airflow/dags/etl_api_to_sqlite.py for tasks to queue
[2025-05-28T10:19:54.865+0000] {logging_mixin.py:188} INFO - [2025-05-28T10:19:54.865+0000] {dagbag.py:538} INFO - Filling up the DagBag from /opt/airflow/dags/etl_api_to_sqlite.py
[2025-05-28T10:19:55.246+0000] {processor.py:840} INFO - DAG(s) 'etl_api_to_sqlite' retrieved from /opt/airflow/dags/etl_api_to_sqlite.py
[2025-05-28T10:19:55.360+0000] {logging_mixin.py:188} INFO - [2025-05-28T10:19:55.360+0000] {dag.py:3036} INFO - Sync 1 DAGs
[2025-05-28T10:19:55.383+0000] {logging_mixin.py:188} INFO - [2025-05-28T10:19:55.382+0000] {dag.py:3823} INFO - Setting next_dagrun for etl_api_to_sqlite to 2025-05-28 00:00:00+00:00, run_after=2025-05-29 00:00:00+00:00
[2025-05-28T10:19:55.412+0000] {processor.py:183} INFO - Processing /opt/airflow/dags/etl_api_to_sqlite.py took 0.551 seconds
[2025-05-28T10:20:25.692+0000] {processor.py:161} INFO - Started process (PID=239) to work on /opt/airflow/dags/etl_api_to_sqlite.py
[2025-05-28T10:20:25.693+0000] {processor.py:830} INFO - Processing file /opt/airflow/dags/etl_api_to_sqlite.py for tasks to queue
[2025-05-28T10:20:25.694+0000] {logging_mixin.py:188} INFO - [2025-05-28T10:20:25.694+0000] {dagbag.py:538} INFO - Filling up the DagBag from /opt/airflow/dags/etl_api_to_sqlite.py
[2025-05-28T10:20:25.971+0000] {processor.py:840} INFO - DAG(s) 'etl_api_to_sqlite' retrieved from /opt/airflow/dags/etl_api_to_sqlite.py
[2025-05-28T10:20:25.998+0000] {logging_mixin.py:188} INFO - [2025-05-28T10:20:25.998+0000] {dag.py:3036} INFO - Sync 1 DAGs
[2025-05-28T10:20:26.020+0000] {logging_mixin.py:188} INFO - [2025-05-28T10:20:26.020+0000] {dag.py:3823} INFO - Setting next_dagrun for etl_api_to_sqlite to 2025-05-28 00:00:00+00:00, run_after=2025-05-29 00:00:00+00:00
[2025-05-28T10:20:26.040+0000] {processor.py:183} INFO - Processing /opt/airflow/dags/etl_api_to_sqlite.py took 0.352 seconds
[2025-05-28T10:20:56.700+0000] {processor.py:161} INFO - Started process (PID=307) to work on /opt/airflow/dags/etl_api_to_sqlite.py
[2025-05-28T10:20:56.702+0000] {processor.py:830} INFO - Processing file /opt/airflow/dags/etl_api_to_sqlite.py for tasks to queue
[2025-05-28T10:20:56.703+0000] {logging_mixin.py:188} INFO - [2025-05-28T10:20:56.703+0000] {dagbag.py:538} INFO - Filling up the DagBag from /opt/airflow/dags/etl_api_to_sqlite.py
[2025-05-28T10:20:56.981+0000] {processor.py:840} INFO - DAG(s) 'etl_api_to_sqlite' retrieved from /opt/airflow/dags/etl_api_to_sqlite.py
[2025-05-28T10:20:57.004+0000] {logging_mixin.py:188} INFO - [2025-05-28T10:20:57.004+0000] {dag.py:3036} INFO - Sync 1 DAGs
[2025-05-28T10:20:57.025+0000] {logging_mixin.py:188} INFO - [2025-05-28T10:20:57.025+0000] {dag.py:3823} INFO - Setting next_dagrun for etl_api_to_sqlite to 2025-05-28 00:00:00+00:00, run_after=2025-05-29 00:00:00+00:00
[2025-05-28T10:20:57.048+0000] {processor.py:183} INFO - Processing /opt/airflow/dags/etl_api_to_sqlite.py took 0.353 seconds
[2025-05-28T10:21:27.190+0000] {processor.py:161} INFO - Started process (PID=330) to work on /opt/airflow/dags/etl_api_to_sqlite.py
[2025-05-28T10:21:27.192+0000] {processor.py:830} INFO - Processing file /opt/airflow/dags/etl_api_to_sqlite.py for tasks to queue
[2025-05-28T10:21:27.195+0000] {logging_mixin.py:188} INFO - [2025-05-28T10:21:27.195+0000] {dagbag.py:538} INFO - Filling up the DagBag from /opt/airflow/dags/etl_api_to_sqlite.py
[2025-05-28T10:21:27.506+0000] {processor.py:840} INFO - DAG(s) 'etl_api_to_sqlite' retrieved from /opt/airflow/dags/etl_api_to_sqlite.py
[2025-05-28T10:21:27.528+0000] {logging_mixin.py:188} INFO - [2025-05-28T10:21:27.527+0000] {dag.py:3036} INFO - Sync 1 DAGs
[2025-05-28T10:21:27.549+0000] {logging_mixin.py:188} INFO - [2025-05-28T10:21:27.549+0000] {dag.py:3823} INFO - Setting next_dagrun for etl_api_to_sqlite to 2025-05-28 00:00:00+00:00, run_after=2025-05-29 00:00:00+00:00
[2025-05-28T10:21:27.574+0000] {processor.py:183} INFO - Processing /opt/airflow/dags/etl_api_to_sqlite.py took 0.388 seconds
[2025-05-28T10:21:58.078+0000] {processor.py:161} INFO - Started process (PID=356) to work on /opt/airflow/dags/etl_api_to_sqlite.py
[2025-05-28T10:21:58.081+0000] {processor.py:830} INFO - Processing file /opt/airflow/dags/etl_api_to_sqlite.py for tasks to queue
[2025-05-28T10:21:58.083+0000] {logging_mixin.py:188} INFO - [2025-05-28T10:21:58.082+0000] {dagbag.py:538} INFO - Filling up the DagBag from /opt/airflow/dags/etl_api_to_sqlite.py
[2025-05-28T10:21:58.325+0000] {processor.py:840} INFO - DAG(s) 'etl_api_to_sqlite' retrieved from /opt/airflow/dags/etl_api_to_sqlite.py
[2025-05-28T10:21:58.348+0000] {logging_mixin.py:188} INFO - [2025-05-28T10:21:58.348+0000] {dag.py:3036} INFO - Sync 1 DAGs
[2025-05-28T10:21:58.368+0000] {logging_mixin.py:188} INFO - [2025-05-28T10:21:58.368+0000] {dag.py:3823} INFO - Setting next_dagrun for etl_api_to_sqlite to 2025-05-28 00:00:00+00:00, run_after=2025-05-29 00:00:00+00:00
[2025-05-28T10:21:58.394+0000] {processor.py:183} INFO - Processing /opt/airflow/dags/etl_api_to_sqlite.py took 0.321 seconds
[2025-05-28T10:22:28.663+0000] {processor.py:161} INFO - Started process (PID=382) to work on /opt/airflow/dags/etl_api_to_sqlite.py
[2025-05-28T10:22:28.665+0000] {processor.py:830} INFO - Processing file /opt/airflow/dags/etl_api_to_sqlite.py for tasks to queue
[2025-05-28T10:22:28.667+0000] {logging_mixin.py:188} INFO - [2025-05-28T10:22:28.667+0000] {dagbag.py:538} INFO - Filling up the DagBag from /opt/airflow/dags/etl_api_to_sqlite.py
[2025-05-28T10:22:29.028+0000] {processor.py:840} INFO - DAG(s) 'etl_api_to_sqlite' retrieved from /opt/airflow/dags/etl_api_to_sqlite.py
[2025-05-28T10:22:29.066+0000] {logging_mixin.py:188} INFO - [2025-05-28T10:22:29.066+0000] {dag.py:3036} INFO - Sync 1 DAGs
[2025-05-28T10:22:29.096+0000] {logging_mixin.py:188} INFO - [2025-05-28T10:22:29.095+0000] {dag.py:3823} INFO - Setting next_dagrun for etl_api_to_sqlite to 2025-05-28 00:00:00+00:00, run_after=2025-05-29 00:00:00+00:00
[2025-05-28T10:22:29.130+0000] {processor.py:183} INFO - Processing /opt/airflow/dags/etl_api_to_sqlite.py took 0.472 seconds
[2025-05-28T10:22:59.675+0000] {processor.py:161} INFO - Started process (PID=410) to work on /opt/airflow/dags/etl_api_to_sqlite.py
[2025-05-28T10:22:59.676+0000] {processor.py:830} INFO - Processing file /opt/airflow/dags/etl_api_to_sqlite.py for tasks to queue
[2025-05-28T10:22:59.678+0000] {logging_mixin.py:188} INFO - [2025-05-28T10:22:59.677+0000] {dagbag.py:538} INFO - Filling up the DagBag from /opt/airflow/dags/etl_api_to_sqlite.py
[2025-05-28T10:22:59.994+0000] {processor.py:840} INFO - DAG(s) 'etl_api_to_sqlite' retrieved from /opt/airflow/dags/etl_api_to_sqlite.py
[2025-05-28T10:23:00.026+0000] {logging_mixin.py:188} INFO - [2025-05-28T10:23:00.025+0000] {dag.py:3036} INFO - Sync 1 DAGs
[2025-05-28T10:23:00.049+0000] {logging_mixin.py:188} INFO - [2025-05-28T10:23:00.049+0000] {dag.py:3823} INFO - Setting next_dagrun for etl_api_to_sqlite to 2025-05-28 00:00:00+00:00, run_after=2025-05-29 00:00:00+00:00
[2025-05-28T10:23:00.073+0000] {processor.py:183} INFO - Processing /opt/airflow/dags/etl_api_to_sqlite.py took 0.400 seconds
[2025-05-28T10:23:30.797+0000] {processor.py:161} INFO - Started process (PID=429) to work on /opt/airflow/dags/etl_api_to_sqlite.py
[2025-05-28T10:23:30.799+0000] {processor.py:830} INFO - Processing file /opt/airflow/dags/etl_api_to_sqlite.py for tasks to queue
[2025-05-28T10:23:30.801+0000] {logging_mixin.py:188} INFO - [2025-05-28T10:23:30.801+0000] {dagbag.py:538} INFO - Filling up the DagBag from /opt/airflow/dags/etl_api_to_sqlite.py
[2025-05-28T10:23:31.047+0000] {processor.py:840} INFO - DAG(s) 'etl_api_to_sqlite' retrieved from /opt/airflow/dags/etl_api_to_sqlite.py
[2025-05-28T10:23:31.075+0000] {logging_mixin.py:188} INFO - [2025-05-28T10:23:31.075+0000] {dag.py:3036} INFO - Sync 1 DAGs
[2025-05-28T10:23:31.093+0000] {logging_mixin.py:188} INFO - [2025-05-28T10:23:31.093+0000] {dag.py:3823} INFO - Setting next_dagrun for etl_api_to_sqlite to 2025-05-28 00:00:00+00:00, run_after=2025-05-29 00:00:00+00:00
[2025-05-28T10:23:31.115+0000] {processor.py:183} INFO - Processing /opt/airflow/dags/etl_api_to_sqlite.py took 0.323 seconds
[2025-05-28T10:24:01.843+0000] {processor.py:161} INFO - Started process (PID=455) to work on /opt/airflow/dags/etl_api_to_sqlite.py
[2025-05-28T10:24:01.844+0000] {processor.py:830} INFO - Processing file /opt/airflow/dags/etl_api_to_sqlite.py for tasks to queue
[2025-05-28T10:24:01.845+0000] {logging_mixin.py:188} INFO - [2025-05-28T10:24:01.845+0000] {dagbag.py:538} INFO - Filling up the DagBag from /opt/airflow/dags/etl_api_to_sqlite.py
[2025-05-28T10:24:02.085+0000] {processor.py:840} INFO - DAG(s) 'etl_api_to_sqlite' retrieved from /opt/airflow/dags/etl_api_to_sqlite.py
[2025-05-28T10:24:02.115+0000] {logging_mixin.py:188} INFO - [2025-05-28T10:24:02.115+0000] {dag.py:3036} INFO - Sync 1 DAGs
[2025-05-28T10:24:02.139+0000] {logging_mixin.py:188} INFO - [2025-05-28T10:24:02.138+0000] {dag.py:3823} INFO - Setting next_dagrun for etl_api_to_sqlite to 2025-05-28 00:00:00+00:00, run_after=2025-05-29 00:00:00+00:00
[2025-05-28T10:24:02.157+0000] {processor.py:183} INFO - Processing /opt/airflow/dags/etl_api_to_sqlite.py took 0.317 seconds
[2025-05-28T10:24:32.291+0000] {processor.py:161} INFO - Started process (PID=478) to work on /opt/airflow/dags/etl_api_to_sqlite.py
[2025-05-28T10:24:32.293+0000] {processor.py:830} INFO - Processing file /opt/airflow/dags/etl_api_to_sqlite.py for tasks to queue
[2025-05-28T10:24:32.295+0000] {logging_mixin.py:188} INFO - [2025-05-28T10:24:32.295+0000] {dagbag.py:538} INFO - Filling up the DagBag from /opt/airflow/dags/etl_api_to_sqlite.py
[2025-05-28T10:24:32.537+0000] {processor.py:840} INFO - DAG(s) 'etl_api_to_sqlite' retrieved from /opt/airflow/dags/etl_api_to_sqlite.py
[2025-05-28T10:24:32.562+0000] {logging_mixin.py:188} INFO - [2025-05-28T10:24:32.562+0000] {dag.py:3036} INFO - Sync 1 DAGs
[2025-05-28T10:24:32.584+0000] {logging_mixin.py:188} INFO - [2025-05-28T10:24:32.584+0000] {dag.py:3823} INFO - Setting next_dagrun for etl_api_to_sqlite to 2025-05-28 00:00:00+00:00, run_after=2025-05-29 00:00:00+00:00
[2025-05-28T10:24:32.607+0000] {processor.py:183} INFO - Processing /opt/airflow/dags/etl_api_to_sqlite.py took 0.323 seconds
[2025-05-28T10:25:02.718+0000] {processor.py:161} INFO - Started process (PID=504) to work on /opt/airflow/dags/etl_api_to_sqlite.py
[2025-05-28T10:25:02.720+0000] {processor.py:830} INFO - Processing file /opt/airflow/dags/etl_api_to_sqlite.py for tasks to queue
[2025-05-28T10:25:02.722+0000] {logging_mixin.py:188} INFO - [2025-05-28T10:25:02.722+0000] {dagbag.py:538} INFO - Filling up the DagBag from /opt/airflow/dags/etl_api_to_sqlite.py
[2025-05-28T10:25:02.975+0000] {processor.py:840} INFO - DAG(s) 'etl_api_to_sqlite' retrieved from /opt/airflow/dags/etl_api_to_sqlite.py
[2025-05-28T10:25:02.997+0000] {logging_mixin.py:188} INFO - [2025-05-28T10:25:02.997+0000] {dag.py:3036} INFO - Sync 1 DAGs
[2025-05-28T10:25:03.017+0000] {logging_mixin.py:188} INFO - [2025-05-28T10:25:03.017+0000] {dag.py:3823} INFO - Setting next_dagrun for etl_api_to_sqlite to 2025-05-28 00:00:00+00:00, run_after=2025-05-29 00:00:00+00:00
[2025-05-28T10:25:03.039+0000] {processor.py:183} INFO - Processing /opt/airflow/dags/etl_api_to_sqlite.py took 0.326 seconds
[2025-05-28T10:25:33.558+0000] {processor.py:161} INFO - Started process (PID=530) to work on /opt/airflow/dags/etl_api_to_sqlite.py
[2025-05-28T10:25:33.560+0000] {processor.py:830} INFO - Processing file /opt/airflow/dags/etl_api_to_sqlite.py for tasks to queue
[2025-05-28T10:25:33.563+0000] {logging_mixin.py:188} INFO - [2025-05-28T10:25:33.562+0000] {dagbag.py:538} INFO - Filling up the DagBag from /opt/airflow/dags/etl_api_to_sqlite.py
[2025-05-28T10:25:33.805+0000] {processor.py:840} INFO - DAG(s) 'etl_api_to_sqlite' retrieved from /opt/airflow/dags/etl_api_to_sqlite.py
[2025-05-28T10:25:33.826+0000] {logging_mixin.py:188} INFO - [2025-05-28T10:25:33.826+0000] {dag.py:3036} INFO - Sync 1 DAGs
[2025-05-28T10:25:33.848+0000] {logging_mixin.py:188} INFO - [2025-05-28T10:25:33.848+0000] {dag.py:3823} INFO - Setting next_dagrun for etl_api_to_sqlite to 2025-05-28 00:00:00+00:00, run_after=2025-05-29 00:00:00+00:00
[2025-05-28T10:25:33.871+0000] {processor.py:183} INFO - Processing /opt/airflow/dags/etl_api_to_sqlite.py took 0.317 seconds
[2025-05-28T10:26:04.280+0000] {processor.py:161} INFO - Started process (PID=559) to work on /opt/airflow/dags/etl_api_to_sqlite.py
[2025-05-28T10:26:04.282+0000] {processor.py:830} INFO - Processing file /opt/airflow/dags/etl_api_to_sqlite.py for tasks to queue
[2025-05-28T10:26:04.284+0000] {logging_mixin.py:188} INFO - [2025-05-28T10:26:04.284+0000] {dagbag.py:538} INFO - Filling up the DagBag from /opt/airflow/dags/etl_api_to_sqlite.py
[2025-05-28T10:26:04.557+0000] {processor.py:840} INFO - DAG(s) 'etl_api_to_sqlite' retrieved from /opt/airflow/dags/etl_api_to_sqlite.py
[2025-05-28T10:26:04.594+0000] {logging_mixin.py:188} INFO - [2025-05-28T10:26:04.593+0000] {dag.py:3036} INFO - Sync 1 DAGs
[2025-05-28T10:26:04.617+0000] {logging_mixin.py:188} INFO - [2025-05-28T10:26:04.617+0000] {dag.py:3823} INFO - Setting next_dagrun for etl_api_to_sqlite to 2025-05-28 00:00:00+00:00, run_after=2025-05-29 00:00:00+00:00
[2025-05-28T10:26:04.742+0000] {processor.py:183} INFO - Processing /opt/airflow/dags/etl_api_to_sqlite.py took 0.469 seconds
[2025-05-28T10:26:35.736+0000] {processor.py:161} INFO - Started process (PID=588) to work on /opt/airflow/dags/etl_api_to_sqlite.py
[2025-05-28T10:26:35.737+0000] {processor.py:830} INFO - Processing file /opt/airflow/dags/etl_api_to_sqlite.py for tasks to queue
[2025-05-28T10:26:35.738+0000] {logging_mixin.py:188} INFO - [2025-05-28T10:26:35.738+0000] {dagbag.py:538} INFO - Filling up the DagBag from /opt/airflow/dags/etl_api_to_sqlite.py
[2025-05-28T10:26:36.086+0000] {processor.py:840} INFO - DAG(s) 'etl_api_to_sqlite' retrieved from /opt/airflow/dags/etl_api_to_sqlite.py
[2025-05-28T10:26:36.110+0000] {logging_mixin.py:188} INFO - [2025-05-28T10:26:36.110+0000] {dag.py:3036} INFO - Sync 1 DAGs
[2025-05-28T10:26:36.130+0000] {logging_mixin.py:188} INFO - [2025-05-28T10:26:36.129+0000] {dag.py:3823} INFO - Setting next_dagrun for etl_api_to_sqlite to 2025-05-28 00:00:00+00:00, run_after=2025-05-29 00:00:00+00:00
[2025-05-28T10:26:36.163+0000] {processor.py:183} INFO - Processing /opt/airflow/dags/etl_api_to_sqlite.py took 0.430 seconds
[2025-05-28T10:27:06.724+0000] {processor.py:161} INFO - Started process (PID=614) to work on /opt/airflow/dags/etl_api_to_sqlite.py
[2025-05-28T10:27:06.725+0000] {processor.py:830} INFO - Processing file /opt/airflow/dags/etl_api_to_sqlite.py for tasks to queue
[2025-05-28T10:27:06.726+0000] {logging_mixin.py:188} INFO - [2025-05-28T10:27:06.726+0000] {dagbag.py:538} INFO - Filling up the DagBag from /opt/airflow/dags/etl_api_to_sqlite.py
[2025-05-28T10:27:06.976+0000] {processor.py:840} INFO - DAG(s) 'etl_api_to_sqlite' retrieved from /opt/airflow/dags/etl_api_to_sqlite.py
[2025-05-28T10:27:07.004+0000] {logging_mixin.py:188} INFO - [2025-05-28T10:27:07.003+0000] {dag.py:3036} INFO - Sync 1 DAGs
[2025-05-28T10:27:07.180+0000] {logging_mixin.py:188} INFO - [2025-05-28T10:27:07.180+0000] {dag.py:3823} INFO - Setting next_dagrun for etl_api_to_sqlite to 2025-05-28 00:00:00+00:00, run_after=2025-05-29 00:00:00+00:00
[2025-05-28T10:27:07.201+0000] {processor.py:183} INFO - Processing /opt/airflow/dags/etl_api_to_sqlite.py took 0.482 seconds
[2025-05-28T10:27:37.780+0000] {processor.py:161} INFO - Started process (PID=640) to work on /opt/airflow/dags/etl_api_to_sqlite.py
[2025-05-28T10:27:37.781+0000] {processor.py:830} INFO - Processing file /opt/airflow/dags/etl_api_to_sqlite.py for tasks to queue
[2025-05-28T10:27:37.782+0000] {logging_mixin.py:188} INFO - [2025-05-28T10:27:37.782+0000] {dagbag.py:538} INFO - Filling up the DagBag from /opt/airflow/dags/etl_api_to_sqlite.py
[2025-05-28T10:27:38.019+0000] {processor.py:840} INFO - DAG(s) 'etl_api_to_sqlite' retrieved from /opt/airflow/dags/etl_api_to_sqlite.py
[2025-05-28T10:27:38.045+0000] {logging_mixin.py:188} INFO - [2025-05-28T10:27:38.045+0000] {dag.py:3036} INFO - Sync 1 DAGs
[2025-05-28T10:27:38.068+0000] {logging_mixin.py:188} INFO - [2025-05-28T10:27:38.068+0000] {dag.py:3823} INFO - Setting next_dagrun for etl_api_to_sqlite to 2025-05-28 00:00:00+00:00, run_after=2025-05-29 00:00:00+00:00
[2025-05-28T10:27:38.092+0000] {processor.py:183} INFO - Processing /opt/airflow/dags/etl_api_to_sqlite.py took 0.315 seconds
[2025-05-28T10:28:08.700+0000] {processor.py:161} INFO - Started process (PID=666) to work on /opt/airflow/dags/etl_api_to_sqlite.py
[2025-05-28T10:28:08.701+0000] {processor.py:830} INFO - Processing file /opt/airflow/dags/etl_api_to_sqlite.py for tasks to queue
[2025-05-28T10:28:08.703+0000] {logging_mixin.py:188} INFO - [2025-05-28T10:28:08.703+0000] {dagbag.py:538} INFO - Filling up the DagBag from /opt/airflow/dags/etl_api_to_sqlite.py
[2025-05-28T10:28:09.003+0000] {processor.py:840} INFO - DAG(s) 'etl_api_to_sqlite' retrieved from /opt/airflow/dags/etl_api_to_sqlite.py
[2025-05-28T10:28:09.030+0000] {logging_mixin.py:188} INFO - [2025-05-28T10:28:09.029+0000] {dag.py:3036} INFO - Sync 1 DAGs
[2025-05-28T10:28:09.182+0000] {logging_mixin.py:188} INFO - [2025-05-28T10:28:09.182+0000] {dag.py:3823} INFO - Setting next_dagrun for etl_api_to_sqlite to 2025-05-28 00:00:00+00:00, run_after=2025-05-29 00:00:00+00:00
[2025-05-28T10:28:09.212+0000] {processor.py:183} INFO - Processing /opt/airflow/dags/etl_api_to_sqlite.py took 0.515 seconds
[2025-05-28T10:28:39.652+0000] {processor.py:161} INFO - Started process (PID=692) to work on /opt/airflow/dags/etl_api_to_sqlite.py
[2025-05-28T10:28:39.653+0000] {processor.py:830} INFO - Processing file /opt/airflow/dags/etl_api_to_sqlite.py for tasks to queue
[2025-05-28T10:28:39.654+0000] {logging_mixin.py:188} INFO - [2025-05-28T10:28:39.654+0000] {dagbag.py:538} INFO - Filling up the DagBag from /opt/airflow/dags/etl_api_to_sqlite.py
[2025-05-28T10:28:40.023+0000] {processor.py:840} INFO - DAG(s) 'etl_api_to_sqlite' retrieved from /opt/airflow/dags/etl_api_to_sqlite.py
[2025-05-28T10:28:40.064+0000] {logging_mixin.py:188} INFO - [2025-05-28T10:28:40.063+0000] {dag.py:3036} INFO - Sync 1 DAGs
[2025-05-28T10:28:40.106+0000] {logging_mixin.py:188} INFO - [2025-05-28T10:28:40.106+0000] {dag.py:3823} INFO - Setting next_dagrun for etl_api_to_sqlite to 2025-05-28 00:00:00+00:00, run_after=2025-05-29 00:00:00+00:00
[2025-05-28T10:28:40.142+0000] {processor.py:183} INFO - Processing /opt/airflow/dags/etl_api_to_sqlite.py took 0.494 seconds
[2025-05-28T10:29:30.350+0000] {processor.py:161} INFO - Started process (PID=193) to work on /opt/airflow/dags/etl_api_to_sqlite.py
[2025-05-28T10:29:30.352+0000] {processor.py:830} INFO - Processing file /opt/airflow/dags/etl_api_to_sqlite.py for tasks to queue
[2025-05-28T10:29:30.354+0000] {logging_mixin.py:188} INFO - [2025-05-28T10:29:30.354+0000] {dagbag.py:538} INFO - Filling up the DagBag from /opt/airflow/dags/etl_api_to_sqlite.py
[2025-05-28T10:29:30.639+0000] {processor.py:840} INFO - DAG(s) 'etl_api_to_sqlite' retrieved from /opt/airflow/dags/etl_api_to_sqlite.py
[2025-05-28T10:29:30.651+0000] {logging_mixin.py:188} INFO - [2025-05-28T10:29:30.651+0000] {dag.py:3036} INFO - Sync 1 DAGs
[2025-05-28T10:29:30.695+0000] {logging_mixin.py:188} INFO - [2025-05-28T10:29:30.695+0000] {dag.py:3823} INFO - Setting next_dagrun for etl_api_to_sqlite to 2025-05-28 00:00:00+00:00, run_after=2025-05-29 00:00:00+00:00
[2025-05-28T10:29:30.817+0000] {processor.py:183} INFO - Processing /opt/airflow/dags/etl_api_to_sqlite.py took 0.471 seconds
[2025-05-28T10:30:01.382+0000] {processor.py:161} INFO - Started process (PID=225) to work on /opt/airflow/dags/etl_api_to_sqlite.py
[2025-05-28T10:30:01.384+0000] {processor.py:830} INFO - Processing file /opt/airflow/dags/etl_api_to_sqlite.py for tasks to queue
[2025-05-28T10:30:01.386+0000] {logging_mixin.py:188} INFO - [2025-05-28T10:30:01.386+0000] {dagbag.py:538} INFO - Filling up the DagBag from /opt/airflow/dags/etl_api_to_sqlite.py
[2025-05-28T10:30:01.659+0000] {processor.py:840} INFO - DAG(s) 'etl_api_to_sqlite' retrieved from /opt/airflow/dags/etl_api_to_sqlite.py
[2025-05-28T10:30:01.761+0000] {logging_mixin.py:188} INFO - [2025-05-28T10:30:01.760+0000] {dag.py:3036} INFO - Sync 1 DAGs
[2025-05-28T10:30:01.898+0000] {logging_mixin.py:188} INFO - [2025-05-28T10:30:01.898+0000] {dag.py:3823} INFO - Setting next_dagrun for etl_api_to_sqlite to 2025-05-28 00:00:00+00:00, run_after=2025-05-29 00:00:00+00:00
[2025-05-28T10:30:01.928+0000] {processor.py:183} INFO - Processing /opt/airflow/dags/etl_api_to_sqlite.py took 0.549 seconds
[2025-05-28T10:30:32.107+0000] {processor.py:161} INFO - Started process (PID=256) to work on /opt/airflow/dags/etl_api_to_sqlite.py
[2025-05-28T10:30:32.109+0000] {processor.py:830} INFO - Processing file /opt/airflow/dags/etl_api_to_sqlite.py for tasks to queue
[2025-05-28T10:30:32.110+0000] {logging_mixin.py:188} INFO - [2025-05-28T10:30:32.110+0000] {dagbag.py:538} INFO - Filling up the DagBag from /opt/airflow/dags/etl_api_to_sqlite.py
[2025-05-28T10:30:32.345+0000] {processor.py:840} INFO - DAG(s) 'etl_api_to_sqlite' retrieved from /opt/airflow/dags/etl_api_to_sqlite.py
[2025-05-28T10:30:32.369+0000] {logging_mixin.py:188} INFO - [2025-05-28T10:30:32.369+0000] {dag.py:3036} INFO - Sync 1 DAGs
[2025-05-28T10:30:32.391+0000] {logging_mixin.py:188} INFO - [2025-05-28T10:30:32.391+0000] {dag.py:3823} INFO - Setting next_dagrun for etl_api_to_sqlite to 2025-05-28 00:00:00+00:00, run_after=2025-05-29 00:00:00+00:00
[2025-05-28T10:30:32.411+0000] {processor.py:183} INFO - Processing /opt/airflow/dags/etl_api_to_sqlite.py took 0.307 seconds
[2025-05-28T10:31:02.674+0000] {processor.py:161} INFO - Started process (PID=306) to work on /opt/airflow/dags/etl_api_to_sqlite.py
[2025-05-28T10:31:02.676+0000] {processor.py:830} INFO - Processing file /opt/airflow/dags/etl_api_to_sqlite.py for tasks to queue
[2025-05-28T10:31:02.679+0000] {logging_mixin.py:188} INFO - [2025-05-28T10:31:02.678+0000] {dagbag.py:538} INFO - Filling up the DagBag from /opt/airflow/dags/etl_api_to_sqlite.py
[2025-05-28T10:31:02.897+0000] {processor.py:840} INFO - DAG(s) 'etl_api_to_sqlite' retrieved from /opt/airflow/dags/etl_api_to_sqlite.py
[2025-05-28T10:31:02.921+0000] {logging_mixin.py:188} INFO - [2025-05-28T10:31:02.920+0000] {dag.py:3036} INFO - Sync 1 DAGs
[2025-05-28T10:31:02.948+0000] {logging_mixin.py:188} INFO - [2025-05-28T10:31:02.948+0000] {dag.py:3823} INFO - Setting next_dagrun for etl_api_to_sqlite to 2025-05-28 00:00:00+00:00, run_after=2025-05-29 00:00:00+00:00
[2025-05-28T10:31:02.971+0000] {processor.py:183} INFO - Processing /opt/airflow/dags/etl_api_to_sqlite.py took 0.302 seconds
[2025-05-28T10:31:33.606+0000] {processor.py:161} INFO - Started process (PID=338) to work on /opt/airflow/dags/etl_api_to_sqlite.py
[2025-05-28T10:31:33.608+0000] {processor.py:830} INFO - Processing file /opt/airflow/dags/etl_api_to_sqlite.py for tasks to queue
[2025-05-28T10:31:33.609+0000] {logging_mixin.py:188} INFO - [2025-05-28T10:31:33.609+0000] {dagbag.py:538} INFO - Filling up the DagBag from /opt/airflow/dags/etl_api_to_sqlite.py
[2025-05-28T10:31:33.857+0000] {processor.py:840} INFO - DAG(s) 'etl_api_to_sqlite' retrieved from /opt/airflow/dags/etl_api_to_sqlite.py
[2025-05-28T10:31:33.877+0000] {logging_mixin.py:188} INFO - [2025-05-28T10:31:33.877+0000] {dag.py:3036} INFO - Sync 1 DAGs
[2025-05-28T10:31:33.897+0000] {logging_mixin.py:188} INFO - [2025-05-28T10:31:33.896+0000] {dag.py:3823} INFO - Setting next_dagrun for etl_api_to_sqlite to 2025-05-28 00:00:00+00:00, run_after=2025-05-29 00:00:00+00:00
[2025-05-28T10:31:33.916+0000] {processor.py:183} INFO - Processing /opt/airflow/dags/etl_api_to_sqlite.py took 0.314 seconds
[2025-05-28T10:32:04.271+0000] {processor.py:161} INFO - Started process (PID=370) to work on /opt/airflow/dags/etl_api_to_sqlite.py
[2025-05-28T10:32:04.272+0000] {processor.py:830} INFO - Processing file /opt/airflow/dags/etl_api_to_sqlite.py for tasks to queue
[2025-05-28T10:32:04.274+0000] {logging_mixin.py:188} INFO - [2025-05-28T10:32:04.273+0000] {dagbag.py:538} INFO - Filling up the DagBag from /opt/airflow/dags/etl_api_to_sqlite.py
[2025-05-28T10:32:04.502+0000] {processor.py:840} INFO - DAG(s) 'etl_api_to_sqlite' retrieved from /opt/airflow/dags/etl_api_to_sqlite.py
[2025-05-28T10:32:04.529+0000] {logging_mixin.py:188} INFO - [2025-05-28T10:32:04.528+0000] {dag.py:3036} INFO - Sync 1 DAGs
[2025-05-28T10:32:04.556+0000] {logging_mixin.py:188} INFO - [2025-05-28T10:32:04.556+0000] {dag.py:3823} INFO - Setting next_dagrun for etl_api_to_sqlite to 2025-05-28 00:00:00+00:00, run_after=2025-05-29 00:00:00+00:00
[2025-05-28T10:32:04.588+0000] {processor.py:183} INFO - Processing /opt/airflow/dags/etl_api_to_sqlite.py took 0.323 seconds
[2025-05-28T10:32:34.834+0000] {processor.py:161} INFO - Started process (PID=400) to work on /opt/airflow/dags/etl_api_to_sqlite.py
[2025-05-28T10:32:34.836+0000] {processor.py:830} INFO - Processing file /opt/airflow/dags/etl_api_to_sqlite.py for tasks to queue
[2025-05-28T10:32:34.837+0000] {logging_mixin.py:188} INFO - [2025-05-28T10:32:34.837+0000] {dagbag.py:538} INFO - Filling up the DagBag from /opt/airflow/dags/etl_api_to_sqlite.py
[2025-05-28T10:32:35.129+0000] {processor.py:840} INFO - DAG(s) 'etl_api_to_sqlite' retrieved from /opt/airflow/dags/etl_api_to_sqlite.py
[2025-05-28T10:32:35.161+0000] {logging_mixin.py:188} INFO - [2025-05-28T10:32:35.161+0000] {dag.py:3036} INFO - Sync 1 DAGs
[2025-05-28T10:32:35.203+0000] {logging_mixin.py:188} INFO - [2025-05-28T10:32:35.203+0000] {dag.py:3823} INFO - Setting next_dagrun for etl_api_to_sqlite to 2025-05-28 00:00:00+00:00, run_after=2025-05-29 00:00:00+00:00
[2025-05-28T10:32:35.222+0000] {processor.py:183} INFO - Processing /opt/airflow/dags/etl_api_to_sqlite.py took 0.391 seconds
[2025-05-28T10:33:05.907+0000] {processor.py:161} INFO - Started process (PID=434) to work on /opt/airflow/dags/etl_api_to_sqlite.py
[2025-05-28T10:33:05.908+0000] {processor.py:830} INFO - Processing file /opt/airflow/dags/etl_api_to_sqlite.py for tasks to queue
[2025-05-28T10:33:05.910+0000] {logging_mixin.py:188} INFO - [2025-05-28T10:33:05.909+0000] {dagbag.py:538} INFO - Filling up the DagBag from /opt/airflow/dags/etl_api_to_sqlite.py
[2025-05-28T10:33:06.153+0000] {processor.py:840} INFO - DAG(s) 'etl_api_to_sqlite' retrieved from /opt/airflow/dags/etl_api_to_sqlite.py
[2025-05-28T10:33:06.187+0000] {logging_mixin.py:188} INFO - [2025-05-28T10:33:06.186+0000] {dag.py:3036} INFO - Sync 1 DAGs
[2025-05-28T10:33:06.324+0000] {logging_mixin.py:188} INFO - [2025-05-28T10:33:06.324+0000] {dag.py:3823} INFO - Setting next_dagrun for etl_api_to_sqlite to 2025-05-28 00:00:00+00:00, run_after=2025-05-29 00:00:00+00:00
[2025-05-28T10:33:06.352+0000] {processor.py:183} INFO - Processing /opt/airflow/dags/etl_api_to_sqlite.py took 0.450 seconds
[2025-05-28T10:33:36.399+0000] {processor.py:161} INFO - Started process (PID=458) to work on /opt/airflow/dags/etl_api_to_sqlite.py
[2025-05-28T10:33:36.400+0000] {processor.py:830} INFO - Processing file /opt/airflow/dags/etl_api_to_sqlite.py for tasks to queue
[2025-05-28T10:33:36.404+0000] {logging_mixin.py:188} INFO - [2025-05-28T10:33:36.404+0000] {dagbag.py:538} INFO - Filling up the DagBag from /opt/airflow/dags/etl_api_to_sqlite.py
[2025-05-28T10:33:36.635+0000] {processor.py:840} INFO - DAG(s) 'etl_api_to_sqlite' retrieved from /opt/airflow/dags/etl_api_to_sqlite.py
[2025-05-28T10:33:36.657+0000] {logging_mixin.py:188} INFO - [2025-05-28T10:33:36.657+0000] {dag.py:3036} INFO - Sync 1 DAGs
[2025-05-28T10:33:36.679+0000] {logging_mixin.py:188} INFO - [2025-05-28T10:33:36.679+0000] {dag.py:3823} INFO - Setting next_dagrun for etl_api_to_sqlite to 2025-05-28 00:00:00+00:00, run_after=2025-05-29 00:00:00+00:00
[2025-05-28T10:33:36.708+0000] {processor.py:183} INFO - Processing /opt/airflow/dags/etl_api_to_sqlite.py took 0.312 seconds
[2025-05-28T10:34:07.141+0000] {processor.py:161} INFO - Started process (PID=490) to work on /opt/airflow/dags/etl_api_to_sqlite.py
[2025-05-28T10:34:07.143+0000] {processor.py:830} INFO - Processing file /opt/airflow/dags/etl_api_to_sqlite.py for tasks to queue
[2025-05-28T10:34:07.145+0000] {logging_mixin.py:188} INFO - [2025-05-28T10:34:07.145+0000] {dagbag.py:538} INFO - Filling up the DagBag from /opt/airflow/dags/etl_api_to_sqlite.py
[2025-05-28T10:34:07.408+0000] {processor.py:840} INFO - DAG(s) 'etl_api_to_sqlite' retrieved from /opt/airflow/dags/etl_api_to_sqlite.py
[2025-05-28T10:34:07.435+0000] {logging_mixin.py:188} INFO - [2025-05-28T10:34:07.434+0000] {dag.py:3036} INFO - Sync 1 DAGs
[2025-05-28T10:34:07.455+0000] {logging_mixin.py:188} INFO - [2025-05-28T10:34:07.454+0000] {dag.py:3823} INFO - Setting next_dagrun for etl_api_to_sqlite to 2025-05-28 00:00:00+00:00, run_after=2025-05-29 00:00:00+00:00
[2025-05-28T10:34:07.517+0000] {processor.py:183} INFO - Processing /opt/airflow/dags/etl_api_to_sqlite.py took 0.381 seconds
[2025-05-28T10:34:37.877+0000] {processor.py:161} INFO - Started process (PID=520) to work on /opt/airflow/dags/etl_api_to_sqlite.py
[2025-05-28T10:34:37.878+0000] {processor.py:830} INFO - Processing file /opt/airflow/dags/etl_api_to_sqlite.py for tasks to queue
[2025-05-28T10:34:37.881+0000] {logging_mixin.py:188} INFO - [2025-05-28T10:34:37.881+0000] {dagbag.py:538} INFO - Filling up the DagBag from /opt/airflow/dags/etl_api_to_sqlite.py
[2025-05-28T10:34:38.136+0000] {processor.py:840} INFO - DAG(s) 'etl_api_to_sqlite' retrieved from /opt/airflow/dags/etl_api_to_sqlite.py
[2025-05-28T10:34:38.163+0000] {logging_mixin.py:188} INFO - [2025-05-28T10:34:38.162+0000] {dag.py:3036} INFO - Sync 1 DAGs
[2025-05-28T10:34:38.292+0000] {logging_mixin.py:188} INFO - [2025-05-28T10:34:38.291+0000] {dag.py:3823} INFO - Setting next_dagrun for etl_api_to_sqlite to 2025-05-28 00:00:00+00:00, run_after=2025-05-29 00:00:00+00:00
[2025-05-28T10:34:38.317+0000] {processor.py:183} INFO - Processing /opt/airflow/dags/etl_api_to_sqlite.py took 0.443 seconds
[2025-05-28T10:35:08.439+0000] {processor.py:161} INFO - Started process (PID=563) to work on /opt/airflow/dags/etl_api_to_sqlite.py
[2025-05-28T10:35:08.441+0000] {processor.py:830} INFO - Processing file /opt/airflow/dags/etl_api_to_sqlite.py for tasks to queue
[2025-05-28T10:35:08.443+0000] {logging_mixin.py:188} INFO - [2025-05-28T10:35:08.442+0000] {dagbag.py:538} INFO - Filling up the DagBag from /opt/airflow/dags/etl_api_to_sqlite.py
[2025-05-28T10:35:08.681+0000] {processor.py:840} INFO - DAG(s) 'etl_api_to_sqlite' retrieved from /opt/airflow/dags/etl_api_to_sqlite.py
[2025-05-28T10:35:08.708+0000] {logging_mixin.py:188} INFO - [2025-05-28T10:35:08.708+0000] {dag.py:3036} INFO - Sync 1 DAGs
[2025-05-28T10:35:08.727+0000] {logging_mixin.py:188} INFO - [2025-05-28T10:35:08.727+0000] {dag.py:3823} INFO - Setting next_dagrun for etl_api_to_sqlite to 2025-05-28 00:00:00+00:00, run_after=2025-05-29 00:00:00+00:00
[2025-05-28T10:35:08.852+0000] {processor.py:183} INFO - Processing /opt/airflow/dags/etl_api_to_sqlite.py took 0.419 seconds
[2025-05-28T10:35:39.602+0000] {processor.py:161} INFO - Started process (PID=595) to work on /opt/airflow/dags/etl_api_to_sqlite.py
[2025-05-28T10:35:39.604+0000] {processor.py:830} INFO - Processing file /opt/airflow/dags/etl_api_to_sqlite.py for tasks to queue
[2025-05-28T10:35:39.606+0000] {logging_mixin.py:188} INFO - [2025-05-28T10:35:39.605+0000] {dagbag.py:538} INFO - Filling up the DagBag from /opt/airflow/dags/etl_api_to_sqlite.py
[2025-05-28T10:35:39.831+0000] {processor.py:840} INFO - DAG(s) 'etl_api_to_sqlite' retrieved from /opt/airflow/dags/etl_api_to_sqlite.py
[2025-05-28T10:35:39.961+0000] {logging_mixin.py:188} INFO - [2025-05-28T10:35:39.961+0000] {dag.py:3036} INFO - Sync 1 DAGs
[2025-05-28T10:35:39.987+0000] {logging_mixin.py:188} INFO - [2025-05-28T10:35:39.987+0000] {dag.py:3823} INFO - Setting next_dagrun for etl_api_to_sqlite to 2025-05-28 00:00:00+00:00, run_after=2025-05-29 00:00:00+00:00
[2025-05-28T10:35:40.007+0000] {processor.py:183} INFO - Processing /opt/airflow/dags/etl_api_to_sqlite.py took 0.410 seconds
[2025-05-28T10:36:10.332+0000] {processor.py:161} INFO - Started process (PID=627) to work on /opt/airflow/dags/etl_api_to_sqlite.py
[2025-05-28T10:36:10.334+0000] {processor.py:830} INFO - Processing file /opt/airflow/dags/etl_api_to_sqlite.py for tasks to queue
[2025-05-28T10:36:10.336+0000] {logging_mixin.py:188} INFO - [2025-05-28T10:36:10.336+0000] {dagbag.py:538} INFO - Filling up the DagBag from /opt/airflow/dags/etl_api_to_sqlite.py
[2025-05-28T10:36:10.658+0000] {processor.py:840} INFO - DAG(s) 'etl_api_to_sqlite' retrieved from /opt/airflow/dags/etl_api_to_sqlite.py
[2025-05-28T10:36:10.688+0000] {logging_mixin.py:188} INFO - [2025-05-28T10:36:10.688+0000] {dag.py:3036} INFO - Sync 1 DAGs
[2025-05-28T10:36:10.864+0000] {logging_mixin.py:188} INFO - [2025-05-28T10:36:10.864+0000] {dag.py:3823} INFO - Setting next_dagrun for etl_api_to_sqlite to 2025-05-28 00:00:00+00:00, run_after=2025-05-29 00:00:00+00:00
[2025-05-28T10:36:10.897+0000] {processor.py:183} INFO - Processing /opt/airflow/dags/etl_api_to_sqlite.py took 0.571 seconds
[2025-05-28T10:36:41.099+0000] {processor.py:161} INFO - Started process (PID=659) to work on /opt/airflow/dags/etl_api_to_sqlite.py
[2025-05-28T10:36:41.101+0000] {processor.py:830} INFO - Processing file /opt/airflow/dags/etl_api_to_sqlite.py for tasks to queue
[2025-05-28T10:36:41.103+0000] {logging_mixin.py:188} INFO - [2025-05-28T10:36:41.103+0000] {dagbag.py:538} INFO - Filling up the DagBag from /opt/airflow/dags/etl_api_to_sqlite.py
[2025-05-28T10:36:41.479+0000] {processor.py:840} INFO - DAG(s) 'etl_api_to_sqlite' retrieved from /opt/airflow/dags/etl_api_to_sqlite.py
[2025-05-28T10:36:41.506+0000] {logging_mixin.py:188} INFO - [2025-05-28T10:36:41.505+0000] {dag.py:3036} INFO - Sync 1 DAGs
[2025-05-28T10:36:41.525+0000] {logging_mixin.py:188} INFO - [2025-05-28T10:36:41.525+0000] {dag.py:3823} INFO - Setting next_dagrun for etl_api_to_sqlite to 2025-05-28 00:00:00+00:00, run_after=2025-05-29 00:00:00+00:00
[2025-05-28T10:36:41.542+0000] {processor.py:183} INFO - Processing /opt/airflow/dags/etl_api_to_sqlite.py took 0.449 seconds
[2025-05-28T10:37:11.772+0000] {processor.py:161} INFO - Started process (PID=691) to work on /opt/airflow/dags/etl_api_to_sqlite.py
[2025-05-28T10:37:11.773+0000] {processor.py:830} INFO - Processing file /opt/airflow/dags/etl_api_to_sqlite.py for tasks to queue
[2025-05-28T10:37:11.776+0000] {logging_mixin.py:188} INFO - [2025-05-28T10:37:11.775+0000] {dagbag.py:538} INFO - Filling up the DagBag from /opt/airflow/dags/etl_api_to_sqlite.py
[2025-05-28T10:37:12.019+0000] {processor.py:840} INFO - DAG(s) 'etl_api_to_sqlite' retrieved from /opt/airflow/dags/etl_api_to_sqlite.py
[2025-05-28T10:37:12.155+0000] {logging_mixin.py:188} INFO - [2025-05-28T10:37:12.154+0000] {dag.py:3036} INFO - Sync 1 DAGs
[2025-05-28T10:37:12.175+0000] {logging_mixin.py:188} INFO - [2025-05-28T10:37:12.175+0000] {dag.py:3823} INFO - Setting next_dagrun for etl_api_to_sqlite to 2025-05-28 00:00:00+00:00, run_after=2025-05-29 00:00:00+00:00
[2025-05-28T10:37:12.202+0000] {processor.py:183} INFO - Processing /opt/airflow/dags/etl_api_to_sqlite.py took 0.436 seconds
[2025-05-28T10:37:43.023+0000] {processor.py:161} INFO - Started process (PID=723) to work on /opt/airflow/dags/etl_api_to_sqlite.py
[2025-05-28T10:37:43.025+0000] {processor.py:830} INFO - Processing file /opt/airflow/dags/etl_api_to_sqlite.py for tasks to queue
[2025-05-28T10:37:43.027+0000] {logging_mixin.py:188} INFO - [2025-05-28T10:37:43.026+0000] {dagbag.py:538} INFO - Filling up the DagBag from /opt/airflow/dags/etl_api_to_sqlite.py
[2025-05-28T10:37:43.386+0000] {processor.py:840} INFO - DAG(s) 'etl_api_to_sqlite' retrieved from /opt/airflow/dags/etl_api_to_sqlite.py
[2025-05-28T10:37:43.406+0000] {logging_mixin.py:188} INFO - [2025-05-28T10:37:43.406+0000] {dag.py:3036} INFO - Sync 1 DAGs
[2025-05-28T10:37:43.426+0000] {logging_mixin.py:188} INFO - [2025-05-28T10:37:43.426+0000] {dag.py:3823} INFO - Setting next_dagrun for etl_api_to_sqlite to 2025-05-28 00:00:00+00:00, run_after=2025-05-29 00:00:00+00:00
[2025-05-28T10:37:43.448+0000] {processor.py:183} INFO - Processing /opt/airflow/dags/etl_api_to_sqlite.py took 0.430 seconds
[2025-05-28T10:38:13.870+0000] {processor.py:161} INFO - Started process (PID=753) to work on /opt/airflow/dags/etl_api_to_sqlite.py
[2025-05-28T10:38:13.871+0000] {processor.py:830} INFO - Processing file /opt/airflow/dags/etl_api_to_sqlite.py for tasks to queue
[2025-05-28T10:38:13.872+0000] {logging_mixin.py:188} INFO - [2025-05-28T10:38:13.872+0000] {dagbag.py:538} INFO - Filling up the DagBag from /opt/airflow/dags/etl_api_to_sqlite.py
[2025-05-28T10:38:14.255+0000] {processor.py:840} INFO - DAG(s) 'etl_api_to_sqlite' retrieved from /opt/airflow/dags/etl_api_to_sqlite.py
[2025-05-28T10:38:14.274+0000] {logging_mixin.py:188} INFO - [2025-05-28T10:38:14.274+0000] {dag.py:3036} INFO - Sync 1 DAGs
[2025-05-28T10:38:14.294+0000] {logging_mixin.py:188} INFO - [2025-05-28T10:38:14.294+0000] {dag.py:3823} INFO - Setting next_dagrun for etl_api_to_sqlite to 2025-05-28 00:00:00+00:00, run_after=2025-05-29 00:00:00+00:00
[2025-05-28T10:38:14.317+0000] {processor.py:183} INFO - Processing /opt/airflow/dags/etl_api_to_sqlite.py took 0.451 seconds
[2025-05-28T10:38:45.306+0000] {processor.py:161} INFO - Started process (PID=787) to work on /opt/airflow/dags/etl_api_to_sqlite.py
[2025-05-28T10:38:45.308+0000] {processor.py:830} INFO - Processing file /opt/airflow/dags/etl_api_to_sqlite.py for tasks to queue
[2025-05-28T10:38:45.310+0000] {logging_mixin.py:188} INFO - [2025-05-28T10:38:45.310+0000] {dagbag.py:538} INFO - Filling up the DagBag from /opt/airflow/dags/etl_api_to_sqlite.py
[2025-05-28T10:38:45.705+0000] {processor.py:840} INFO - DAG(s) 'etl_api_to_sqlite' retrieved from /opt/airflow/dags/etl_api_to_sqlite.py
[2025-05-28T10:38:45.733+0000] {logging_mixin.py:188} INFO - [2025-05-28T10:38:45.732+0000] {dag.py:3036} INFO - Sync 1 DAGs
[2025-05-28T10:38:45.754+0000] {logging_mixin.py:188} INFO - [2025-05-28T10:38:45.754+0000] {dag.py:3823} INFO - Setting next_dagrun for etl_api_to_sqlite to 2025-05-28 00:00:00+00:00, run_after=2025-05-29 00:00:00+00:00
[2025-05-28T10:38:45.790+0000] {processor.py:183} INFO - Processing /opt/airflow/dags/etl_api_to_sqlite.py took 0.489 seconds
[2025-05-28T10:39:16.377+0000] {processor.py:161} INFO - Started process (PID=819) to work on /opt/airflow/dags/etl_api_to_sqlite.py
[2025-05-28T10:39:16.379+0000] {processor.py:830} INFO - Processing file /opt/airflow/dags/etl_api_to_sqlite.py for tasks to queue
[2025-05-28T10:39:16.380+0000] {logging_mixin.py:188} INFO - [2025-05-28T10:39:16.380+0000] {dagbag.py:538} INFO - Filling up the DagBag from /opt/airflow/dags/etl_api_to_sqlite.py
[2025-05-28T10:39:16.827+0000] {processor.py:840} INFO - DAG(s) 'etl_api_to_sqlite' retrieved from /opt/airflow/dags/etl_api_to_sqlite.py
[2025-05-28T10:39:16.855+0000] {logging_mixin.py:188} INFO - [2025-05-28T10:39:16.855+0000] {dag.py:3036} INFO - Sync 1 DAGs
[2025-05-28T10:39:16.875+0000] {logging_mixin.py:188} INFO - [2025-05-28T10:39:16.874+0000] {dag.py:3823} INFO - Setting next_dagrun for etl_api_to_sqlite to 2025-05-28 00:00:00+00:00, run_after=2025-05-29 00:00:00+00:00
[2025-05-28T10:39:16.899+0000] {processor.py:183} INFO - Processing /opt/airflow/dags/etl_api_to_sqlite.py took 0.526 seconds
[2025-05-28T10:39:47.454+0000] {processor.py:161} INFO - Started process (PID=851) to work on /opt/airflow/dags/etl_api_to_sqlite.py
[2025-05-28T10:39:47.456+0000] {processor.py:830} INFO - Processing file /opt/airflow/dags/etl_api_to_sqlite.py for tasks to queue
[2025-05-28T10:39:47.457+0000] {logging_mixin.py:188} INFO - [2025-05-28T10:39:47.457+0000] {dagbag.py:538} INFO - Filling up the DagBag from /opt/airflow/dags/etl_api_to_sqlite.py
[2025-05-28T10:39:47.846+0000] {processor.py:840} INFO - DAG(s) 'etl_api_to_sqlite' retrieved from /opt/airflow/dags/etl_api_to_sqlite.py
[2025-05-28T10:39:47.878+0000] {logging_mixin.py:188} INFO - [2025-05-28T10:39:47.878+0000] {dag.py:3036} INFO - Sync 1 DAGs
[2025-05-28T10:39:47.900+0000] {logging_mixin.py:188} INFO - [2025-05-28T10:39:47.900+0000] {dag.py:3823} INFO - Setting next_dagrun for etl_api_to_sqlite to 2025-05-28 00:00:00+00:00, run_after=2025-05-29 00:00:00+00:00
[2025-05-28T10:39:47.944+0000] {processor.py:183} INFO - Processing /opt/airflow/dags/etl_api_to_sqlite.py took 0.493 seconds
[2025-05-28T10:40:18.606+0000] {processor.py:161} INFO - Started process (PID=892) to work on /opt/airflow/dags/etl_api_to_sqlite.py
[2025-05-28T10:40:18.608+0000] {processor.py:830} INFO - Processing file /opt/airflow/dags/etl_api_to_sqlite.py for tasks to queue
[2025-05-28T10:40:18.610+0000] {logging_mixin.py:188} INFO - [2025-05-28T10:40:18.609+0000] {dagbag.py:538} INFO - Filling up the DagBag from /opt/airflow/dags/etl_api_to_sqlite.py
[2025-05-28T10:40:18.918+0000] {processor.py:840} INFO - DAG(s) 'etl_api_to_sqlite' retrieved from /opt/airflow/dags/etl_api_to_sqlite.py
[2025-05-28T10:40:18.950+0000] {logging_mixin.py:188} INFO - [2025-05-28T10:40:18.949+0000] {dag.py:3036} INFO - Sync 1 DAGs
[2025-05-28T10:40:18.969+0000] {logging_mixin.py:188} INFO - [2025-05-28T10:40:18.968+0000] {dag.py:3823} INFO - Setting next_dagrun for etl_api_to_sqlite to 2025-05-28 00:00:00+00:00, run_after=2025-05-29 00:00:00+00:00
[2025-05-28T10:40:18.995+0000] {processor.py:183} INFO - Processing /opt/airflow/dags/etl_api_to_sqlite.py took 0.394 seconds
[2025-05-28T10:40:49.199+0000] {processor.py:161} INFO - Started process (PID=921) to work on /opt/airflow/dags/etl_api_to_sqlite.py
[2025-05-28T10:40:49.200+0000] {processor.py:830} INFO - Processing file /opt/airflow/dags/etl_api_to_sqlite.py for tasks to queue
[2025-05-28T10:40:49.202+0000] {logging_mixin.py:188} INFO - [2025-05-28T10:40:49.202+0000] {dagbag.py:538} INFO - Filling up the DagBag from /opt/airflow/dags/etl_api_to_sqlite.py
[2025-05-28T10:40:49.569+0000] {processor.py:840} INFO - DAG(s) 'etl_api_to_sqlite' retrieved from /opt/airflow/dags/etl_api_to_sqlite.py
[2025-05-28T10:40:49.593+0000] {logging_mixin.py:188} INFO - [2025-05-28T10:40:49.593+0000] {dag.py:3036} INFO - Sync 1 DAGs
[2025-05-28T10:40:49.613+0000] {logging_mixin.py:188} INFO - [2025-05-28T10:40:49.612+0000] {dag.py:3823} INFO - Setting next_dagrun for etl_api_to_sqlite to 2025-05-28 00:00:00+00:00, run_after=2025-05-29 00:00:00+00:00
[2025-05-28T10:40:49.636+0000] {processor.py:183} INFO - Processing /opt/airflow/dags/etl_api_to_sqlite.py took 0.441 seconds
[2025-05-28T10:41:20.438+0000] {processor.py:161} INFO - Started process (PID=954) to work on /opt/airflow/dags/etl_api_to_sqlite.py
[2025-05-28T10:41:20.439+0000] {processor.py:830} INFO - Processing file /opt/airflow/dags/etl_api_to_sqlite.py for tasks to queue
[2025-05-28T10:41:20.442+0000] {logging_mixin.py:188} INFO - [2025-05-28T10:41:20.441+0000] {dagbag.py:538} INFO - Filling up the DagBag from /opt/airflow/dags/etl_api_to_sqlite.py
[2025-05-28T10:41:20.877+0000] {processor.py:840} INFO - DAG(s) 'etl_api_to_sqlite' retrieved from /opt/airflow/dags/etl_api_to_sqlite.py
[2025-05-28T10:41:20.910+0000] {logging_mixin.py:188} INFO - [2025-05-28T10:41:20.910+0000] {dag.py:3036} INFO - Sync 1 DAGs
[2025-05-28T10:41:20.932+0000] {logging_mixin.py:188} INFO - [2025-05-28T10:41:20.932+0000] {dag.py:3823} INFO - Setting next_dagrun for etl_api_to_sqlite to 2025-05-28 00:00:00+00:00, run_after=2025-05-29 00:00:00+00:00
[2025-05-28T10:41:20.956+0000] {processor.py:183} INFO - Processing /opt/airflow/dags/etl_api_to_sqlite.py took 0.522 seconds
[2025-05-28T10:41:51.228+0000] {processor.py:161} INFO - Started process (PID=988) to work on /opt/airflow/dags/etl_api_to_sqlite.py
[2025-05-28T10:41:51.230+0000] {processor.py:830} INFO - Processing file /opt/airflow/dags/etl_api_to_sqlite.py for tasks to queue
[2025-05-28T10:41:51.232+0000] {logging_mixin.py:188} INFO - [2025-05-28T10:41:51.232+0000] {dagbag.py:538} INFO - Filling up the DagBag from /opt/airflow/dags/etl_api_to_sqlite.py
[2025-05-28T10:41:51.580+0000] {processor.py:840} INFO - DAG(s) 'etl_api_to_sqlite' retrieved from /opt/airflow/dags/etl_api_to_sqlite.py
[2025-05-28T10:41:51.605+0000] {logging_mixin.py:188} INFO - [2025-05-28T10:41:51.604+0000] {dag.py:3036} INFO - Sync 1 DAGs
[2025-05-28T10:41:51.656+0000] {logging_mixin.py:188} INFO - [2025-05-28T10:41:51.655+0000] {dag.py:3823} INFO - Setting next_dagrun for etl_api_to_sqlite to 2025-05-28 00:00:00+00:00, run_after=2025-05-29 00:00:00+00:00
[2025-05-28T10:41:51.685+0000] {processor.py:183} INFO - Processing /opt/airflow/dags/etl_api_to_sqlite.py took 0.462 seconds
[2025-05-28T10:42:21.951+0000] {processor.py:161} INFO - Started process (PID=1020) to work on /opt/airflow/dags/etl_api_to_sqlite.py
[2025-05-28T10:42:21.952+0000] {processor.py:830} INFO - Processing file /opt/airflow/dags/etl_api_to_sqlite.py for tasks to queue
[2025-05-28T10:42:21.954+0000] {logging_mixin.py:188} INFO - [2025-05-28T10:42:21.953+0000] {dagbag.py:538} INFO - Filling up the DagBag from /opt/airflow/dags/etl_api_to_sqlite.py
[2025-05-28T10:42:22.295+0000] {processor.py:840} INFO - DAG(s) 'etl_api_to_sqlite' retrieved from /opt/airflow/dags/etl_api_to_sqlite.py
[2025-05-28T10:42:22.318+0000] {logging_mixin.py:188} INFO - [2025-05-28T10:42:22.318+0000] {dag.py:3036} INFO - Sync 1 DAGs
[2025-05-28T10:42:22.337+0000] {logging_mixin.py:188} INFO - [2025-05-28T10:42:22.337+0000] {dag.py:3823} INFO - Setting next_dagrun for etl_api_to_sqlite to 2025-05-28 00:00:00+00:00, run_after=2025-05-29 00:00:00+00:00
[2025-05-28T10:42:22.361+0000] {processor.py:183} INFO - Processing /opt/airflow/dags/etl_api_to_sqlite.py took 0.416 seconds
[2025-05-28T10:42:52.885+0000] {processor.py:161} INFO - Started process (PID=1052) to work on /opt/airflow/dags/etl_api_to_sqlite.py
[2025-05-28T10:42:52.887+0000] {processor.py:830} INFO - Processing file /opt/airflow/dags/etl_api_to_sqlite.py for tasks to queue
[2025-05-28T10:42:52.889+0000] {logging_mixin.py:188} INFO - [2025-05-28T10:42:52.888+0000] {dagbag.py:538} INFO - Filling up the DagBag from /opt/airflow/dags/etl_api_to_sqlite.py
[2025-05-28T10:42:53.286+0000] {processor.py:840} INFO - DAG(s) 'etl_api_to_sqlite' retrieved from /opt/airflow/dags/etl_api_to_sqlite.py
[2025-05-28T10:42:53.307+0000] {logging_mixin.py:188} INFO - [2025-05-28T10:42:53.306+0000] {dag.py:3036} INFO - Sync 1 DAGs
[2025-05-28T10:42:53.327+0000] {logging_mixin.py:188} INFO - [2025-05-28T10:42:53.326+0000] {dag.py:3823} INFO - Setting next_dagrun for etl_api_to_sqlite to 2025-05-28 00:00:00+00:00, run_after=2025-05-29 00:00:00+00:00
[2025-05-28T10:42:53.346+0000] {processor.py:183} INFO - Processing /opt/airflow/dags/etl_api_to_sqlite.py took 0.467 seconds
[2025-05-28T10:43:23.599+0000] {processor.py:161} INFO - Started process (PID=1084) to work on /opt/airflow/dags/etl_api_to_sqlite.py
[2025-05-28T10:43:23.602+0000] {processor.py:830} INFO - Processing file /opt/airflow/dags/etl_api_to_sqlite.py for tasks to queue
[2025-05-28T10:43:23.604+0000] {logging_mixin.py:188} INFO - [2025-05-28T10:43:23.604+0000] {dagbag.py:538} INFO - Filling up the DagBag from /opt/airflow/dags/etl_api_to_sqlite.py
[2025-05-28T10:43:23.994+0000] {processor.py:840} INFO - DAG(s) 'etl_api_to_sqlite' retrieved from /opt/airflow/dags/etl_api_to_sqlite.py
[2025-05-28T10:43:24.017+0000] {logging_mixin.py:188} INFO - [2025-05-28T10:43:24.017+0000] {dag.py:3036} INFO - Sync 1 DAGs
[2025-05-28T10:43:24.034+0000] {logging_mixin.py:188} INFO - [2025-05-28T10:43:24.033+0000] {dag.py:3823} INFO - Setting next_dagrun for etl_api_to_sqlite to 2025-05-28 00:00:00+00:00, run_after=2025-05-29 00:00:00+00:00
[2025-05-28T10:43:24.072+0000] {processor.py:183} INFO - Processing /opt/airflow/dags/etl_api_to_sqlite.py took 0.482 seconds
[2025-05-28T10:43:54.205+0000] {processor.py:161} INFO - Started process (PID=1116) to work on /opt/airflow/dags/etl_api_to_sqlite.py
[2025-05-28T10:43:54.207+0000] {processor.py:830} INFO - Processing file /opt/airflow/dags/etl_api_to_sqlite.py for tasks to queue
[2025-05-28T10:43:54.209+0000] {logging_mixin.py:188} INFO - [2025-05-28T10:43:54.208+0000] {dagbag.py:538} INFO - Filling up the DagBag from /opt/airflow/dags/etl_api_to_sqlite.py
[2025-05-28T10:43:54.590+0000] {processor.py:840} INFO - DAG(s) 'etl_api_to_sqlite' retrieved from /opt/airflow/dags/etl_api_to_sqlite.py
[2025-05-28T10:43:54.609+0000] {logging_mixin.py:188} INFO - [2025-05-28T10:43:54.609+0000] {dag.py:3036} INFO - Sync 1 DAGs
[2025-05-28T10:43:54.624+0000] {logging_mixin.py:188} INFO - [2025-05-28T10:43:54.624+0000] {dag.py:3823} INFO - Setting next_dagrun for etl_api_to_sqlite to 2025-05-28 00:00:00+00:00, run_after=2025-05-29 00:00:00+00:00
[2025-05-28T10:43:54.644+0000] {processor.py:183} INFO - Processing /opt/airflow/dags/etl_api_to_sqlite.py took 0.443 seconds
[2025-05-28T10:44:24.927+0000] {processor.py:161} INFO - Started process (PID=1148) to work on /opt/airflow/dags/etl_api_to_sqlite.py
[2025-05-28T10:44:24.929+0000] {processor.py:830} INFO - Processing file /opt/airflow/dags/etl_api_to_sqlite.py for tasks to queue
[2025-05-28T10:44:24.931+0000] {logging_mixin.py:188} INFO - [2025-05-28T10:44:24.930+0000] {dagbag.py:538} INFO - Filling up the DagBag from /opt/airflow/dags/etl_api_to_sqlite.py
[2025-05-28T10:44:25.320+0000] {processor.py:840} INFO - DAG(s) 'etl_api_to_sqlite' retrieved from /opt/airflow/dags/etl_api_to_sqlite.py
[2025-05-28T10:44:25.347+0000] {logging_mixin.py:188} INFO - [2025-05-28T10:44:25.346+0000] {dag.py:3036} INFO - Sync 1 DAGs
[2025-05-28T10:44:25.366+0000] {logging_mixin.py:188} INFO - [2025-05-28T10:44:25.366+0000] {dag.py:3823} INFO - Setting next_dagrun for etl_api_to_sqlite to 2025-05-28 00:00:00+00:00, run_after=2025-05-29 00:00:00+00:00
[2025-05-28T10:44:25.387+0000] {processor.py:183} INFO - Processing /opt/airflow/dags/etl_api_to_sqlite.py took 0.467 seconds
[2025-05-28T10:44:55.692+0000] {processor.py:161} INFO - Started process (PID=1180) to work on /opt/airflow/dags/etl_api_to_sqlite.py
[2025-05-28T10:44:55.693+0000] {processor.py:830} INFO - Processing file /opt/airflow/dags/etl_api_to_sqlite.py for tasks to queue
[2025-05-28T10:44:55.697+0000] {logging_mixin.py:188} INFO - [2025-05-28T10:44:55.696+0000] {dagbag.py:538} INFO - Filling up the DagBag from /opt/airflow/dags/etl_api_to_sqlite.py
[2025-05-28T10:44:56.059+0000] {processor.py:840} INFO - DAG(s) 'etl_api_to_sqlite' retrieved from /opt/airflow/dags/etl_api_to_sqlite.py
[2025-05-28T10:44:56.082+0000] {logging_mixin.py:188} INFO - [2025-05-28T10:44:56.081+0000] {dag.py:3036} INFO - Sync 1 DAGs
[2025-05-28T10:44:56.102+0000] {logging_mixin.py:188} INFO - [2025-05-28T10:44:56.102+0000] {dag.py:3823} INFO - Setting next_dagrun for etl_api_to_sqlite to 2025-05-28 00:00:00+00:00, run_after=2025-05-29 00:00:00+00:00
[2025-05-28T10:44:56.126+0000] {processor.py:183} INFO - Processing /opt/airflow/dags/etl_api_to_sqlite.py took 0.438 seconds
[2025-05-28T10:45:26.518+0000] {processor.py:161} INFO - Started process (PID=1221) to work on /opt/airflow/dags/etl_api_to_sqlite.py
[2025-05-28T10:45:26.520+0000] {processor.py:830} INFO - Processing file /opt/airflow/dags/etl_api_to_sqlite.py for tasks to queue
[2025-05-28T10:45:26.521+0000] {logging_mixin.py:188} INFO - [2025-05-28T10:45:26.521+0000] {dagbag.py:538} INFO - Filling up the DagBag from /opt/airflow/dags/etl_api_to_sqlite.py
[2025-05-28T10:45:26.896+0000] {processor.py:840} INFO - DAG(s) 'etl_api_to_sqlite' retrieved from /opt/airflow/dags/etl_api_to_sqlite.py
[2025-05-28T10:45:26.925+0000] {logging_mixin.py:188} INFO - [2025-05-28T10:45:26.925+0000] {dag.py:3036} INFO - Sync 1 DAGs
[2025-05-28T10:45:26.945+0000] {logging_mixin.py:188} INFO - [2025-05-28T10:45:26.945+0000] {dag.py:3823} INFO - Setting next_dagrun for etl_api_to_sqlite to 2025-05-28 00:00:00+00:00, run_after=2025-05-29 00:00:00+00:00
[2025-05-28T10:45:26.980+0000] {processor.py:183} INFO - Processing /opt/airflow/dags/etl_api_to_sqlite.py took 0.466 seconds
[2025-05-28T10:45:57.908+0000] {processor.py:161} INFO - Started process (PID=1253) to work on /opt/airflow/dags/etl_api_to_sqlite.py
[2025-05-28T10:45:57.910+0000] {processor.py:830} INFO - Processing file /opt/airflow/dags/etl_api_to_sqlite.py for tasks to queue
[2025-05-28T10:45:57.913+0000] {logging_mixin.py:188} INFO - [2025-05-28T10:45:57.912+0000] {dagbag.py:538} INFO - Filling up the DagBag from /opt/airflow/dags/etl_api_to_sqlite.py
[2025-05-28T10:45:58.296+0000] {processor.py:840} INFO - DAG(s) 'etl_api_to_sqlite' retrieved from /opt/airflow/dags/etl_api_to_sqlite.py
[2025-05-28T10:45:58.320+0000] {logging_mixin.py:188} INFO - [2025-05-28T10:45:58.319+0000] {dag.py:3036} INFO - Sync 1 DAGs
[2025-05-28T10:45:58.337+0000] {logging_mixin.py:188} INFO - [2025-05-28T10:45:58.337+0000] {dag.py:3823} INFO - Setting next_dagrun for etl_api_to_sqlite to 2025-05-28 00:00:00+00:00, run_after=2025-05-29 00:00:00+00:00
[2025-05-28T10:45:58.363+0000] {processor.py:183} INFO - Processing /opt/airflow/dags/etl_api_to_sqlite.py took 0.462 seconds
[2025-05-28T10:46:28.774+0000] {processor.py:161} INFO - Started process (PID=1285) to work on /opt/airflow/dags/etl_api_to_sqlite.py
[2025-05-28T10:46:28.776+0000] {processor.py:830} INFO - Processing file /opt/airflow/dags/etl_api_to_sqlite.py for tasks to queue
[2025-05-28T10:46:28.777+0000] {logging_mixin.py:188} INFO - [2025-05-28T10:46:28.777+0000] {dagbag.py:538} INFO - Filling up the DagBag from /opt/airflow/dags/etl_api_to_sqlite.py
[2025-05-28T10:46:29.204+0000] {processor.py:840} INFO - DAG(s) 'etl_api_to_sqlite' retrieved from /opt/airflow/dags/etl_api_to_sqlite.py
[2025-05-28T10:46:29.236+0000] {logging_mixin.py:188} INFO - [2025-05-28T10:46:29.236+0000] {dag.py:3036} INFO - Sync 1 DAGs
[2025-05-28T10:46:29.258+0000] {logging_mixin.py:188} INFO - [2025-05-28T10:46:29.258+0000] {dag.py:3823} INFO - Setting next_dagrun for etl_api_to_sqlite to 2025-05-28 00:00:00+00:00, run_after=2025-05-29 00:00:00+00:00
[2025-05-28T10:46:29.283+0000] {processor.py:183} INFO - Processing /opt/airflow/dags/etl_api_to_sqlite.py took 0.514 seconds
[2025-05-28T10:47:00.125+0000] {processor.py:161} INFO - Started process (PID=1316) to work on /opt/airflow/dags/etl_api_to_sqlite.py
[2025-05-28T10:47:00.127+0000] {processor.py:830} INFO - Processing file /opt/airflow/dags/etl_api_to_sqlite.py for tasks to queue
[2025-05-28T10:47:00.129+0000] {logging_mixin.py:188} INFO - [2025-05-28T10:47:00.129+0000] {dagbag.py:538} INFO - Filling up the DagBag from /opt/airflow/dags/etl_api_to_sqlite.py
[2025-05-28T10:47:00.475+0000] {processor.py:840} INFO - DAG(s) 'etl_api_to_sqlite' retrieved from /opt/airflow/dags/etl_api_to_sqlite.py
[2025-05-28T10:47:00.504+0000] {logging_mixin.py:188} INFO - [2025-05-28T10:47:00.504+0000] {dag.py:3036} INFO - Sync 1 DAGs
[2025-05-28T10:47:00.527+0000] {logging_mixin.py:188} INFO - [2025-05-28T10:47:00.526+0000] {dag.py:3823} INFO - Setting next_dagrun for etl_api_to_sqlite to 2025-05-28 00:00:00+00:00, run_after=2025-05-29 00:00:00+00:00
[2025-05-28T10:47:00.550+0000] {processor.py:183} INFO - Processing /opt/airflow/dags/etl_api_to_sqlite.py took 0.431 seconds
[2025-05-28T10:47:30.720+0000] {processor.py:161} INFO - Started process (PID=1347) to work on /opt/airflow/dags/etl_api_to_sqlite.py
[2025-05-28T10:47:30.722+0000] {processor.py:830} INFO - Processing file /opt/airflow/dags/etl_api_to_sqlite.py for tasks to queue
[2025-05-28T10:47:30.724+0000] {logging_mixin.py:188} INFO - [2025-05-28T10:47:30.723+0000] {dagbag.py:538} INFO - Filling up the DagBag from /opt/airflow/dags/etl_api_to_sqlite.py
[2025-05-28T10:47:31.106+0000] {processor.py:840} INFO - DAG(s) 'etl_api_to_sqlite' retrieved from /opt/airflow/dags/etl_api_to_sqlite.py
[2025-05-28T10:47:31.127+0000] {logging_mixin.py:188} INFO - [2025-05-28T10:47:31.126+0000] {dag.py:3036} INFO - Sync 1 DAGs
[2025-05-28T10:47:31.148+0000] {logging_mixin.py:188} INFO - [2025-05-28T10:47:31.148+0000] {dag.py:3823} INFO - Setting next_dagrun for etl_api_to_sqlite to 2025-05-28 00:00:00+00:00, run_after=2025-05-29 00:00:00+00:00
[2025-05-28T10:47:31.167+0000] {processor.py:183} INFO - Processing /opt/airflow/dags/etl_api_to_sqlite.py took 0.452 seconds
[2025-05-28T10:48:01.409+0000] {processor.py:161} INFO - Started process (PID=1379) to work on /opt/airflow/dags/etl_api_to_sqlite.py
[2025-05-28T10:48:01.410+0000] {processor.py:830} INFO - Processing file /opt/airflow/dags/etl_api_to_sqlite.py for tasks to queue
[2025-05-28T10:48:01.411+0000] {logging_mixin.py:188} INFO - [2025-05-28T10:48:01.411+0000] {dagbag.py:538} INFO - Filling up the DagBag from /opt/airflow/dags/etl_api_to_sqlite.py
[2025-05-28T10:48:01.789+0000] {processor.py:840} INFO - DAG(s) 'etl_api_to_sqlite' retrieved from /opt/airflow/dags/etl_api_to_sqlite.py
[2025-05-28T10:48:01.807+0000] {logging_mixin.py:188} INFO - [2025-05-28T10:48:01.807+0000] {dag.py:3036} INFO - Sync 1 DAGs
[2025-05-28T10:48:01.824+0000] {logging_mixin.py:188} INFO - [2025-05-28T10:48:01.823+0000] {dag.py:3823} INFO - Setting next_dagrun for etl_api_to_sqlite to 2025-05-28 00:00:00+00:00, run_after=2025-05-29 00:00:00+00:00
[2025-05-28T10:48:01.842+0000] {processor.py:183} INFO - Processing /opt/airflow/dags/etl_api_to_sqlite.py took 0.436 seconds
[2025-05-28T10:48:32.653+0000] {processor.py:161} INFO - Started process (PID=1409) to work on /opt/airflow/dags/etl_api_to_sqlite.py
[2025-05-28T10:48:32.654+0000] {processor.py:830} INFO - Processing file /opt/airflow/dags/etl_api_to_sqlite.py for tasks to queue
[2025-05-28T10:48:32.671+0000] {logging_mixin.py:188} INFO - [2025-05-28T10:48:32.671+0000] {dagbag.py:538} INFO - Filling up the DagBag from /opt/airflow/dags/etl_api_to_sqlite.py
[2025-05-28T10:48:33.180+0000] {processor.py:840} INFO - DAG(s) 'etl_api_to_sqlite' retrieved from /opt/airflow/dags/etl_api_to_sqlite.py
[2025-05-28T10:48:33.211+0000] {logging_mixin.py:188} INFO - [2025-05-28T10:48:33.211+0000] {dag.py:3036} INFO - Sync 1 DAGs
[2025-05-28T10:48:33.244+0000] {logging_mixin.py:188} INFO - [2025-05-28T10:48:33.244+0000] {dag.py:3823} INFO - Setting next_dagrun for etl_api_to_sqlite to 2025-05-28 00:00:00+00:00, run_after=2025-05-29 00:00:00+00:00
[2025-05-28T10:48:33.276+0000] {processor.py:183} INFO - Processing /opt/airflow/dags/etl_api_to_sqlite.py took 0.626 seconds
[2025-05-28T10:49:03.528+0000] {processor.py:161} INFO - Started process (PID=1435) to work on /opt/airflow/dags/etl_api_to_sqlite.py
[2025-05-28T10:49:03.531+0000] {processor.py:830} INFO - Processing file /opt/airflow/dags/etl_api_to_sqlite.py for tasks to queue
[2025-05-28T10:49:03.533+0000] {logging_mixin.py:188} INFO - [2025-05-28T10:49:03.533+0000] {dagbag.py:538} INFO - Filling up the DagBag from /opt/airflow/dags/etl_api_to_sqlite.py
[2025-05-28T10:49:03.945+0000] {processor.py:840} INFO - DAG(s) 'etl_api_to_sqlite' retrieved from /opt/airflow/dags/etl_api_to_sqlite.py
[2025-05-28T10:49:03.967+0000] {logging_mixin.py:188} INFO - [2025-05-28T10:49:03.967+0000] {dag.py:3036} INFO - Sync 1 DAGs
[2025-05-28T10:49:03.984+0000] {logging_mixin.py:188} INFO - [2025-05-28T10:49:03.984+0000] {dag.py:3823} INFO - Setting next_dagrun for etl_api_to_sqlite to 2025-05-28 00:00:00+00:00, run_after=2025-05-29 00:00:00+00:00
[2025-05-28T10:49:04.011+0000] {processor.py:183} INFO - Processing /opt/airflow/dags/etl_api_to_sqlite.py took 0.489 seconds
[2025-05-28T10:49:34.319+0000] {processor.py:161} INFO - Started process (PID=1467) to work on /opt/airflow/dags/etl_api_to_sqlite.py
[2025-05-28T10:49:34.320+0000] {processor.py:830} INFO - Processing file /opt/airflow/dags/etl_api_to_sqlite.py for tasks to queue
[2025-05-28T10:49:34.322+0000] {logging_mixin.py:188} INFO - [2025-05-28T10:49:34.322+0000] {dagbag.py:538} INFO - Filling up the DagBag from /opt/airflow/dags/etl_api_to_sqlite.py
[2025-05-28T10:49:34.664+0000] {processor.py:840} INFO - DAG(s) 'etl_api_to_sqlite' retrieved from /opt/airflow/dags/etl_api_to_sqlite.py
[2025-05-28T10:49:34.685+0000] {logging_mixin.py:188} INFO - [2025-05-28T10:49:34.685+0000] {dag.py:3036} INFO - Sync 1 DAGs
[2025-05-28T10:49:34.701+0000] {logging_mixin.py:188} INFO - [2025-05-28T10:49:34.700+0000] {dag.py:3823} INFO - Setting next_dagrun for etl_api_to_sqlite to 2025-05-28 00:00:00+00:00, run_after=2025-05-29 00:00:00+00:00
[2025-05-28T10:49:34.722+0000] {processor.py:183} INFO - Processing /opt/airflow/dags/etl_api_to_sqlite.py took 0.408 seconds
[2025-05-28T10:50:05.748+0000] {processor.py:161} INFO - Started process (PID=1508) to work on /opt/airflow/dags/etl_api_to_sqlite.py
[2025-05-28T10:50:05.750+0000] {processor.py:830} INFO - Processing file /opt/airflow/dags/etl_api_to_sqlite.py for tasks to queue
[2025-05-28T10:50:05.752+0000] {logging_mixin.py:188} INFO - [2025-05-28T10:50:05.752+0000] {dagbag.py:538} INFO - Filling up the DagBag from /opt/airflow/dags/etl_api_to_sqlite.py
[2025-05-28T10:50:06.173+0000] {processor.py:840} INFO - DAG(s) 'etl_api_to_sqlite' retrieved from /opt/airflow/dags/etl_api_to_sqlite.py
[2025-05-28T10:50:06.198+0000] {logging_mixin.py:188} INFO - [2025-05-28T10:50:06.198+0000] {dag.py:3036} INFO - Sync 1 DAGs
[2025-05-28T10:50:06.217+0000] {logging_mixin.py:188} INFO - [2025-05-28T10:50:06.217+0000] {dag.py:3823} INFO - Setting next_dagrun for etl_api_to_sqlite to 2025-05-28 00:00:00+00:00, run_after=2025-05-29 00:00:00+00:00
[2025-05-28T10:50:06.236+0000] {processor.py:183} INFO - Processing /opt/airflow/dags/etl_api_to_sqlite.py took 0.494 seconds
[2025-05-28T10:50:36.372+0000] {processor.py:161} INFO - Started process (PID=1540) to work on /opt/airflow/dags/etl_api_to_sqlite.py
[2025-05-28T10:50:36.374+0000] {processor.py:830} INFO - Processing file /opt/airflow/dags/etl_api_to_sqlite.py for tasks to queue
[2025-05-28T10:50:36.375+0000] {logging_mixin.py:188} INFO - [2025-05-28T10:50:36.375+0000] {dagbag.py:538} INFO - Filling up the DagBag from /opt/airflow/dags/etl_api_to_sqlite.py
[2025-05-28T10:50:36.701+0000] {processor.py:840} INFO - DAG(s) 'etl_api_to_sqlite' retrieved from /opt/airflow/dags/etl_api_to_sqlite.py
[2025-05-28T10:50:36.729+0000] {logging_mixin.py:188} INFO - [2025-05-28T10:50:36.729+0000] {dag.py:3036} INFO - Sync 1 DAGs
[2025-05-28T10:50:36.753+0000] {logging_mixin.py:188} INFO - [2025-05-28T10:50:36.753+0000] {dag.py:3823} INFO - Setting next_dagrun for etl_api_to_sqlite to 2025-05-28 00:00:00+00:00, run_after=2025-05-29 00:00:00+00:00
[2025-05-28T10:50:36.781+0000] {processor.py:183} INFO - Processing /opt/airflow/dags/etl_api_to_sqlite.py took 0.414 seconds
[2025-05-28T10:51:06.931+0000] {processor.py:161} INFO - Started process (PID=1570) to work on /opt/airflow/dags/etl_api_to_sqlite.py
[2025-05-28T10:51:06.932+0000] {processor.py:830} INFO - Processing file /opt/airflow/dags/etl_api_to_sqlite.py for tasks to queue
[2025-05-28T10:51:06.933+0000] {logging_mixin.py:188} INFO - [2025-05-28T10:51:06.933+0000] {dagbag.py:538} INFO - Filling up the DagBag from /opt/airflow/dags/etl_api_to_sqlite.py
[2025-05-28T10:51:07.269+0000] {processor.py:840} INFO - DAG(s) 'etl_api_to_sqlite' retrieved from /opt/airflow/dags/etl_api_to_sqlite.py
[2025-05-28T10:51:07.288+0000] {logging_mixin.py:188} INFO - [2025-05-28T10:51:07.287+0000] {dag.py:3036} INFO - Sync 1 DAGs
[2025-05-28T10:51:07.304+0000] {logging_mixin.py:188} INFO - [2025-05-28T10:51:07.304+0000] {dag.py:3823} INFO - Setting next_dagrun for etl_api_to_sqlite to 2025-05-28 00:00:00+00:00, run_after=2025-05-29 00:00:00+00:00
[2025-05-28T10:51:07.329+0000] {processor.py:183} INFO - Processing /opt/airflow/dags/etl_api_to_sqlite.py took 0.401 seconds
[2025-05-28T10:51:37.474+0000] {processor.py:161} INFO - Started process (PID=1601) to work on /opt/airflow/dags/etl_api_to_sqlite.py
[2025-05-28T10:51:37.475+0000] {processor.py:830} INFO - Processing file /opt/airflow/dags/etl_api_to_sqlite.py for tasks to queue
[2025-05-28T10:51:37.476+0000] {logging_mixin.py:188} INFO - [2025-05-28T10:51:37.475+0000] {dagbag.py:538} INFO - Filling up the DagBag from /opt/airflow/dags/etl_api_to_sqlite.py
[2025-05-28T10:51:37.853+0000] {processor.py:840} INFO - DAG(s) 'etl_api_to_sqlite' retrieved from /opt/airflow/dags/etl_api_to_sqlite.py
[2025-05-28T10:51:37.877+0000] {logging_mixin.py:188} INFO - [2025-05-28T10:51:37.877+0000] {dag.py:3036} INFO - Sync 1 DAGs
[2025-05-28T10:51:37.894+0000] {logging_mixin.py:188} INFO - [2025-05-28T10:51:37.894+0000] {dag.py:3823} INFO - Setting next_dagrun for etl_api_to_sqlite to 2025-05-28 00:00:00+00:00, run_after=2025-05-29 00:00:00+00:00
[2025-05-28T10:51:37.914+0000] {processor.py:183} INFO - Processing /opt/airflow/dags/etl_api_to_sqlite.py took 0.442 seconds
[2025-05-28T10:52:08.672+0000] {processor.py:161} INFO - Started process (PID=1636) to work on /opt/airflow/dags/etl_api_to_sqlite.py
[2025-05-28T10:52:08.674+0000] {processor.py:830} INFO - Processing file /opt/airflow/dags/etl_api_to_sqlite.py for tasks to queue
[2025-05-28T10:52:08.676+0000] {logging_mixin.py:188} INFO - [2025-05-28T10:52:08.676+0000] {dagbag.py:538} INFO - Filling up the DagBag from /opt/airflow/dags/etl_api_to_sqlite.py
[2025-05-28T10:52:09.047+0000] {processor.py:840} INFO - DAG(s) 'etl_api_to_sqlite' retrieved from /opt/airflow/dags/etl_api_to_sqlite.py
[2025-05-28T10:52:09.075+0000] {logging_mixin.py:188} INFO - [2025-05-28T10:52:09.074+0000] {dag.py:3036} INFO - Sync 1 DAGs
[2025-05-28T10:52:09.100+0000] {logging_mixin.py:188} INFO - [2025-05-28T10:52:09.100+0000] {dag.py:3823} INFO - Setting next_dagrun for etl_api_to_sqlite to 2025-05-28 00:00:00+00:00, run_after=2025-05-29 00:00:00+00:00
[2025-05-28T10:52:09.119+0000] {processor.py:183} INFO - Processing /opt/airflow/dags/etl_api_to_sqlite.py took 0.452 seconds
[2025-05-28T10:57:36.965+0000] {processor.py:161} INFO - Started process (PID=1673) to work on /opt/airflow/dags/etl_api_to_sqlite.py
[2025-05-28T10:57:36.967+0000] {processor.py:830} INFO - Processing file /opt/airflow/dags/etl_api_to_sqlite.py for tasks to queue
[2025-05-28T10:57:36.968+0000] {logging_mixin.py:188} INFO - [2025-05-28T10:57:36.968+0000] {dagbag.py:538} INFO - Filling up the DagBag from /opt/airflow/dags/etl_api_to_sqlite.py
[2025-05-28T10:57:37.464+0000] {processor.py:840} INFO - DAG(s) 'etl_api_to_sqlite' retrieved from /opt/airflow/dags/etl_api_to_sqlite.py
[2025-05-28T10:57:37.502+0000] {logging_mixin.py:188} INFO - [2025-05-28T10:57:37.501+0000] {dag.py:3036} INFO - Sync 1 DAGs
[2025-05-28T10:57:37.537+0000] {logging_mixin.py:188} INFO - [2025-05-28T10:57:37.537+0000] {dag.py:3823} INFO - Setting next_dagrun for etl_api_to_sqlite to 2025-05-28 00:00:00+00:00, run_after=2025-05-29 00:00:00+00:00
[2025-05-28T10:57:37.587+0000] {processor.py:183} INFO - Processing /opt/airflow/dags/etl_api_to_sqlite.py took 0.626 seconds
[2025-05-28T12:17:30.132+0000] {processor.py:161} INFO - Started process (PID=1717) to work on /opt/airflow/dags/etl_api_to_sqlite.py
[2025-05-28T12:17:30.133+0000] {processor.py:830} INFO - Processing file /opt/airflow/dags/etl_api_to_sqlite.py for tasks to queue
[2025-05-28T12:17:30.134+0000] {logging_mixin.py:188} INFO - [2025-05-28T12:17:30.134+0000] {dagbag.py:538} INFO - Filling up the DagBag from /opt/airflow/dags/etl_api_to_sqlite.py
[2025-05-28T12:17:30.508+0000] {processor.py:840} INFO - DAG(s) 'etl_api_to_sqlite' retrieved from /opt/airflow/dags/etl_api_to_sqlite.py
[2025-05-28T12:17:30.528+0000] {logging_mixin.py:188} INFO - [2025-05-28T12:17:30.527+0000] {dag.py:3036} INFO - Sync 1 DAGs
[2025-05-28T12:17:30.547+0000] {logging_mixin.py:188} INFO - [2025-05-28T12:17:30.547+0000] {dag.py:3823} INFO - Setting next_dagrun for etl_api_to_sqlite to 2025-05-28 00:00:00+00:00, run_after=2025-05-29 00:00:00+00:00
[2025-05-28T12:17:30.564+0000] {processor.py:183} INFO - Processing /opt/airflow/dags/etl_api_to_sqlite.py took 0.435 seconds
