[2025-05-28T10:29:29.740+0000] {processor.py:161} INFO - Started process (PID=181) to work on /opt/airflow/dags/weather.py
[2025-05-28T10:29:29.742+0000] {processor.py:830} INFO - Processing file /opt/airflow/dags/weather.py for tasks to queue
[2025-05-28T10:29:29.745+0000] {logging_mixin.py:188} INFO - [2025-05-28T10:29:29.745+0000] {dagbag.py:538} INFO - Filling up the DagBag from /opt/airflow/dags/weather.py
[2025-05-28T10:29:30.184+0000] {processor.py:840} INFO - DAG(s) 'weather_data_etl' retrieved from /opt/airflow/dags/weather.py
[2025-05-28T10:29:30.218+0000] {logging_mixin.py:188} INFO - [2025-05-28T10:29:30.218+0000] {dag.py:3036} INFO - Sync 1 DAGs
[2025-05-28T10:29:30.249+0000] {logging_mixin.py:188} INFO - [2025-05-28T10:29:30.248+0000] {dag.py:3823} INFO - Setting next_dagrun for weather_data_etl to 2025-05-28 10:20:00+00:00, run_after=2025-05-28 10:25:00+00:00
[2025-05-28T10:29:30.283+0000] {processor.py:183} INFO - Processing /opt/airflow/dags/weather.py took 0.546 seconds
[2025-05-28T10:30:00.582+0000] {processor.py:161} INFO - Started process (PID=213) to work on /opt/airflow/dags/weather.py
[2025-05-28T10:30:00.586+0000] {processor.py:830} INFO - Processing file /opt/airflow/dags/weather.py for tasks to queue
[2025-05-28T10:30:00.587+0000] {logging_mixin.py:188} INFO - [2025-05-28T10:30:00.587+0000] {dagbag.py:538} INFO - Filling up the DagBag from /opt/airflow/dags/weather.py
[2025-05-28T10:30:00.910+0000] {processor.py:840} INFO - DAG(s) 'weather_data_etl' retrieved from /opt/airflow/dags/weather.py
[2025-05-28T10:30:01.057+0000] {logging_mixin.py:188} INFO - [2025-05-28T10:30:01.057+0000] {dag.py:3036} INFO - Sync 1 DAGs
[2025-05-28T10:30:01.084+0000] {logging_mixin.py:188} INFO - [2025-05-28T10:30:01.084+0000] {dag.py:3823} INFO - Setting next_dagrun for weather_data_etl to 2025-05-28 10:25:00+00:00, run_after=2025-05-28 10:30:00+00:00
[2025-05-28T10:30:01.275+0000] {processor.py:183} INFO - Processing /opt/airflow/dags/weather.py took 0.697 seconds
[2025-05-28T10:30:31.655+0000] {processor.py:161} INFO - Started process (PID=244) to work on /opt/airflow/dags/weather.py
[2025-05-28T10:30:31.657+0000] {processor.py:830} INFO - Processing file /opt/airflow/dags/weather.py for tasks to queue
[2025-05-28T10:30:31.659+0000] {logging_mixin.py:188} INFO - [2025-05-28T10:30:31.658+0000] {dagbag.py:538} INFO - Filling up the DagBag from /opt/airflow/dags/weather.py
[2025-05-28T10:30:31.983+0000] {processor.py:840} INFO - DAG(s) 'weather_data_etl' retrieved from /opt/airflow/dags/weather.py
[2025-05-28T10:30:32.015+0000] {logging_mixin.py:188} INFO - [2025-05-28T10:30:32.015+0000] {dag.py:3036} INFO - Sync 1 DAGs
[2025-05-28T10:30:32.049+0000] {logging_mixin.py:188} INFO - [2025-05-28T10:30:32.049+0000] {dag.py:3823} INFO - Setting next_dagrun for weather_data_etl to 2025-05-28 10:25:00+00:00, run_after=2025-05-28 10:30:00+00:00
[2025-05-28T10:30:32.071+0000] {processor.py:183} INFO - Processing /opt/airflow/dags/weather.py took 0.420 seconds
[2025-05-28T10:31:02.204+0000] {processor.py:161} INFO - Started process (PID=294) to work on /opt/airflow/dags/weather.py
[2025-05-28T10:31:02.205+0000] {processor.py:830} INFO - Processing file /opt/airflow/dags/weather.py for tasks to queue
[2025-05-28T10:31:02.208+0000] {logging_mixin.py:188} INFO - [2025-05-28T10:31:02.207+0000] {dagbag.py:538} INFO - Filling up the DagBag from /opt/airflow/dags/weather.py
[2025-05-28T10:31:02.543+0000] {processor.py:840} INFO - DAG(s) 'weather_data_etl' retrieved from /opt/airflow/dags/weather.py
[2025-05-28T10:31:02.565+0000] {logging_mixin.py:188} INFO - [2025-05-28T10:31:02.565+0000] {dag.py:3036} INFO - Sync 1 DAGs
[2025-05-28T10:31:02.582+0000] {logging_mixin.py:188} INFO - [2025-05-28T10:31:02.582+0000] {dag.py:3823} INFO - Setting next_dagrun for weather_data_etl to 2025-05-28 10:30:00+00:00, run_after=2025-05-28 10:35:00+00:00
[2025-05-28T10:31:02.602+0000] {processor.py:183} INFO - Processing /opt/airflow/dags/weather.py took 0.401 seconds
[2025-05-28T10:31:33.043+0000] {processor.py:161} INFO - Started process (PID=326) to work on /opt/airflow/dags/weather.py
[2025-05-28T10:31:33.044+0000] {processor.py:830} INFO - Processing file /opt/airflow/dags/weather.py for tasks to queue
[2025-05-28T10:31:33.047+0000] {logging_mixin.py:188} INFO - [2025-05-28T10:31:33.047+0000] {dagbag.py:538} INFO - Filling up the DagBag from /opt/airflow/dags/weather.py
[2025-05-28T10:31:33.321+0000] {processor.py:840} INFO - DAG(s) 'weather_data_etl' retrieved from /opt/airflow/dags/weather.py
[2025-05-28T10:31:33.346+0000] {logging_mixin.py:188} INFO - [2025-05-28T10:31:33.346+0000] {dag.py:3036} INFO - Sync 1 DAGs
[2025-05-28T10:31:33.374+0000] {logging_mixin.py:188} INFO - [2025-05-28T10:31:33.374+0000] {dag.py:3823} INFO - Setting next_dagrun for weather_data_etl to 2025-05-28 10:30:00+00:00, run_after=2025-05-28 10:35:00+00:00
[2025-05-28T10:31:33.541+0000] {processor.py:183} INFO - Processing /opt/airflow/dags/weather.py took 0.503 seconds
[2025-05-28T10:32:03.799+0000] {processor.py:161} INFO - Started process (PID=358) to work on /opt/airflow/dags/weather.py
[2025-05-28T10:32:03.804+0000] {processor.py:830} INFO - Processing file /opt/airflow/dags/weather.py for tasks to queue
[2025-05-28T10:32:03.807+0000] {logging_mixin.py:188} INFO - [2025-05-28T10:32:03.806+0000] {dagbag.py:538} INFO - Filling up the DagBag from /opt/airflow/dags/weather.py
[2025-05-28T10:32:04.139+0000] {processor.py:840} INFO - DAG(s) 'weather_data_etl' retrieved from /opt/airflow/dags/weather.py
[2025-05-28T10:32:04.168+0000] {logging_mixin.py:188} INFO - [2025-05-28T10:32:04.168+0000] {dag.py:3036} INFO - Sync 1 DAGs
[2025-05-28T10:32:04.190+0000] {logging_mixin.py:188} INFO - [2025-05-28T10:32:04.190+0000] {dag.py:3823} INFO - Setting next_dagrun for weather_data_etl to 2025-05-28 10:30:00+00:00, run_after=2025-05-28 10:35:00+00:00
[2025-05-28T10:32:04.215+0000] {processor.py:183} INFO - Processing /opt/airflow/dags/weather.py took 0.419 seconds
[2025-05-28T10:32:34.382+0000] {processor.py:161} INFO - Started process (PID=390) to work on /opt/airflow/dags/weather.py
[2025-05-28T10:32:34.384+0000] {processor.py:830} INFO - Processing file /opt/airflow/dags/weather.py for tasks to queue
[2025-05-28T10:32:34.385+0000] {logging_mixin.py:188} INFO - [2025-05-28T10:32:34.385+0000] {dagbag.py:538} INFO - Filling up the DagBag from /opt/airflow/dags/weather.py
[2025-05-28T10:32:34.669+0000] {processor.py:840} INFO - DAG(s) 'weather_data_etl' retrieved from /opt/airflow/dags/weather.py
[2025-05-28T10:32:34.701+0000] {logging_mixin.py:188} INFO - [2025-05-28T10:32:34.700+0000] {dag.py:3036} INFO - Sync 1 DAGs
[2025-05-28T10:32:34.867+0000] {logging_mixin.py:188} INFO - [2025-05-28T10:32:34.867+0000] {dag.py:3823} INFO - Setting next_dagrun for weather_data_etl to 2025-05-28 10:30:00+00:00, run_after=2025-05-28 10:35:00+00:00
[2025-05-28T10:32:34.889+0000] {processor.py:183} INFO - Processing /opt/airflow/dags/weather.py took 0.510 seconds
[2025-05-28T10:33:05.256+0000] {processor.py:161} INFO - Started process (PID=414) to work on /opt/airflow/dags/weather.py
[2025-05-28T10:33:05.258+0000] {processor.py:830} INFO - Processing file /opt/airflow/dags/weather.py for tasks to queue
[2025-05-28T10:33:05.260+0000] {logging_mixin.py:188} INFO - [2025-05-28T10:33:05.259+0000] {dagbag.py:538} INFO - Filling up the DagBag from /opt/airflow/dags/weather.py
[2025-05-28T10:33:05.597+0000] {processor.py:840} INFO - DAG(s) 'weather_data_etl' retrieved from /opt/airflow/dags/weather.py
[2025-05-28T10:33:05.627+0000] {logging_mixin.py:188} INFO - [2025-05-28T10:33:05.627+0000] {dag.py:3036} INFO - Sync 1 DAGs
[2025-05-28T10:33:05.652+0000] {logging_mixin.py:188} INFO - [2025-05-28T10:33:05.652+0000] {dag.py:3823} INFO - Setting next_dagrun for weather_data_etl to 2025-05-28 10:30:00+00:00, run_after=2025-05-28 10:35:00+00:00
[2025-05-28T10:33:05.820+0000] {processor.py:183} INFO - Processing /opt/airflow/dags/weather.py took 0.567 seconds
[2025-05-28T10:33:35.958+0000] {processor.py:161} INFO - Started process (PID=446) to work on /opt/airflow/dags/weather.py
[2025-05-28T10:33:35.959+0000] {processor.py:830} INFO - Processing file /opt/airflow/dags/weather.py for tasks to queue
[2025-05-28T10:33:35.960+0000] {logging_mixin.py:188} INFO - [2025-05-28T10:33:35.959+0000] {dagbag.py:538} INFO - Filling up the DagBag from /opt/airflow/dags/weather.py
[2025-05-28T10:33:36.234+0000] {processor.py:840} INFO - DAG(s) 'weather_data_etl' retrieved from /opt/airflow/dags/weather.py
[2025-05-28T10:33:36.257+0000] {logging_mixin.py:188} INFO - [2025-05-28T10:33:36.257+0000] {dag.py:3036} INFO - Sync 1 DAGs
[2025-05-28T10:33:36.275+0000] {logging_mixin.py:188} INFO - [2025-05-28T10:33:36.275+0000] {dag.py:3823} INFO - Setting next_dagrun for weather_data_etl to 2025-05-28 10:30:00+00:00, run_after=2025-05-28 10:35:00+00:00
[2025-05-28T10:33:36.300+0000] {processor.py:183} INFO - Processing /opt/airflow/dags/weather.py took 0.345 seconds
[2025-05-28T10:34:06.545+0000] {processor.py:161} INFO - Started process (PID=478) to work on /opt/airflow/dags/weather.py
[2025-05-28T10:34:06.547+0000] {processor.py:830} INFO - Processing file /opt/airflow/dags/weather.py for tasks to queue
[2025-05-28T10:34:06.549+0000] {logging_mixin.py:188} INFO - [2025-05-28T10:34:06.548+0000] {dagbag.py:538} INFO - Filling up the DagBag from /opt/airflow/dags/weather.py
[2025-05-28T10:34:06.785+0000] {processor.py:840} INFO - DAG(s) 'weather_data_etl' retrieved from /opt/airflow/dags/weather.py
[2025-05-28T10:34:06.810+0000] {logging_mixin.py:188} INFO - [2025-05-28T10:34:06.810+0000] {dag.py:3036} INFO - Sync 1 DAGs
[2025-05-28T10:34:06.982+0000] {logging_mixin.py:188} INFO - [2025-05-28T10:34:06.982+0000] {dag.py:3823} INFO - Setting next_dagrun for weather_data_etl to 2025-05-28 10:30:00+00:00, run_after=2025-05-28 10:35:00+00:00
[2025-05-28T10:34:07.010+0000] {processor.py:183} INFO - Processing /opt/airflow/dags/weather.py took 0.470 seconds
[2025-05-28T10:34:37.310+0000] {processor.py:161} INFO - Started process (PID=510) to work on /opt/airflow/dags/weather.py
[2025-05-28T10:34:37.318+0000] {processor.py:830} INFO - Processing file /opt/airflow/dags/weather.py for tasks to queue
[2025-05-28T10:34:37.320+0000] {logging_mixin.py:188} INFO - [2025-05-28T10:34:37.319+0000] {dagbag.py:538} INFO - Filling up the DagBag from /opt/airflow/dags/weather.py
[2025-05-28T10:34:37.597+0000] {processor.py:840} INFO - DAG(s) 'weather_data_etl' retrieved from /opt/airflow/dags/weather.py
[2025-05-28T10:34:37.627+0000] {logging_mixin.py:188} INFO - [2025-05-28T10:34:37.627+0000] {dag.py:3036} INFO - Sync 1 DAGs
[2025-05-28T10:34:37.650+0000] {logging_mixin.py:188} INFO - [2025-05-28T10:34:37.650+0000] {dag.py:3823} INFO - Setting next_dagrun for weather_data_etl to 2025-05-28 10:30:00+00:00, run_after=2025-05-28 10:35:00+00:00
[2025-05-28T10:34:37.797+0000] {processor.py:183} INFO - Processing /opt/airflow/dags/weather.py took 0.491 seconds
[2025-05-28T10:35:07.990+0000] {processor.py:161} INFO - Started process (PID=551) to work on /opt/airflow/dags/weather.py
[2025-05-28T10:35:07.992+0000] {processor.py:830} INFO - Processing file /opt/airflow/dags/weather.py for tasks to queue
[2025-05-28T10:35:07.994+0000] {logging_mixin.py:188} INFO - [2025-05-28T10:35:07.994+0000] {dagbag.py:538} INFO - Filling up the DagBag from /opt/airflow/dags/weather.py
[2025-05-28T10:35:08.255+0000] {processor.py:840} INFO - DAG(s) 'weather_data_etl' retrieved from /opt/airflow/dags/weather.py
[2025-05-28T10:35:08.288+0000] {logging_mixin.py:188} INFO - [2025-05-28T10:35:08.288+0000] {dag.py:3036} INFO - Sync 1 DAGs
[2025-05-28T10:35:08.311+0000] {logging_mixin.py:188} INFO - [2025-05-28T10:35:08.310+0000] {dag.py:3823} INFO - Setting next_dagrun for weather_data_etl to 2025-05-28 10:35:00+00:00, run_after=2025-05-28 10:40:00+00:00
[2025-05-28T10:35:08.336+0000] {processor.py:183} INFO - Processing /opt/airflow/dags/weather.py took 0.350 seconds
[2025-05-28T10:35:39.039+0000] {processor.py:161} INFO - Started process (PID=583) to work on /opt/airflow/dags/weather.py
[2025-05-28T10:35:39.041+0000] {processor.py:830} INFO - Processing file /opt/airflow/dags/weather.py for tasks to queue
[2025-05-28T10:35:39.042+0000] {logging_mixin.py:188} INFO - [2025-05-28T10:35:39.042+0000] {dagbag.py:538} INFO - Filling up the DagBag from /opt/airflow/dags/weather.py
[2025-05-28T10:35:39.287+0000] {processor.py:840} INFO - DAG(s) 'weather_data_etl' retrieved from /opt/airflow/dags/weather.py
[2025-05-28T10:35:39.320+0000] {logging_mixin.py:188} INFO - [2025-05-28T10:35:39.320+0000] {dag.py:3036} INFO - Sync 1 DAGs
[2025-05-28T10:35:39.489+0000] {logging_mixin.py:188} INFO - [2025-05-28T10:35:39.489+0000] {dag.py:3823} INFO - Setting next_dagrun for weather_data_etl to 2025-05-28 10:35:00+00:00, run_after=2025-05-28 10:40:00+00:00
[2025-05-28T10:35:39.514+0000] {processor.py:183} INFO - Processing /opt/airflow/dags/weather.py took 0.480 seconds
[2025-05-28T10:36:09.714+0000] {processor.py:161} INFO - Started process (PID=615) to work on /opt/airflow/dags/weather.py
[2025-05-28T10:36:09.716+0000] {processor.py:830} INFO - Processing file /opt/airflow/dags/weather.py for tasks to queue
[2025-05-28T10:36:09.717+0000] {logging_mixin.py:188} INFO - [2025-05-28T10:36:09.717+0000] {dagbag.py:538} INFO - Filling up the DagBag from /opt/airflow/dags/weather.py
[2025-05-28T10:36:10.009+0000] {processor.py:840} INFO - DAG(s) 'weather_data_etl' retrieved from /opt/airflow/dags/weather.py
[2025-05-28T10:36:10.038+0000] {logging_mixin.py:188} INFO - [2025-05-28T10:36:10.038+0000] {dag.py:3036} INFO - Sync 1 DAGs
[2025-05-28T10:36:10.059+0000] {logging_mixin.py:188} INFO - [2025-05-28T10:36:10.058+0000] {dag.py:3823} INFO - Setting next_dagrun for weather_data_etl to 2025-05-28 10:35:00+00:00, run_after=2025-05-28 10:40:00+00:00
[2025-05-28T10:36:10.240+0000] {processor.py:183} INFO - Processing /opt/airflow/dags/weather.py took 0.529 seconds
[2025-05-28T10:36:40.516+0000] {processor.py:161} INFO - Started process (PID=647) to work on /opt/airflow/dags/weather.py
[2025-05-28T10:36:40.518+0000] {processor.py:830} INFO - Processing file /opt/airflow/dags/weather.py for tasks to queue
[2025-05-28T10:36:40.519+0000] {logging_mixin.py:188} INFO - [2025-05-28T10:36:40.519+0000] {dagbag.py:538} INFO - Filling up the DagBag from /opt/airflow/dags/weather.py
[2025-05-28T10:36:40.770+0000] {processor.py:840} INFO - DAG(s) 'weather_data_etl' retrieved from /opt/airflow/dags/weather.py
[2025-05-28T10:36:40.937+0000] {logging_mixin.py:188} INFO - [2025-05-28T10:36:40.937+0000] {dag.py:3036} INFO - Sync 1 DAGs
[2025-05-28T10:36:40.955+0000] {logging_mixin.py:188} INFO - [2025-05-28T10:36:40.955+0000] {dag.py:3823} INFO - Setting next_dagrun for weather_data_etl to 2025-05-28 10:35:00+00:00, run_after=2025-05-28 10:40:00+00:00
[2025-05-28T10:36:40.978+0000] {processor.py:183} INFO - Processing /opt/airflow/dags/weather.py took 0.467 seconds
[2025-05-28T10:37:11.160+0000] {processor.py:161} INFO - Started process (PID=679) to work on /opt/airflow/dags/weather.py
[2025-05-28T10:37:11.162+0000] {processor.py:830} INFO - Processing file /opt/airflow/dags/weather.py for tasks to queue
[2025-05-28T10:37:11.164+0000] {logging_mixin.py:188} INFO - [2025-05-28T10:37:11.164+0000] {dagbag.py:538} INFO - Filling up the DagBag from /opt/airflow/dags/weather.py
[2025-05-28T10:37:11.587+0000] {processor.py:840} INFO - DAG(s) 'weather_data_etl' retrieved from /opt/airflow/dags/weather.py
[2025-05-28T10:37:11.614+0000] {logging_mixin.py:188} INFO - [2025-05-28T10:37:11.613+0000] {dag.py:3036} INFO - Sync 1 DAGs
[2025-05-28T10:37:11.634+0000] {logging_mixin.py:188} INFO - [2025-05-28T10:37:11.634+0000] {dag.py:3823} INFO - Setting next_dagrun for weather_data_etl to 2025-05-28 10:35:00+00:00, run_after=2025-05-28 10:40:00+00:00
[2025-05-28T10:37:11.655+0000] {processor.py:183} INFO - Processing /opt/airflow/dags/weather.py took 0.500 seconds
[2025-05-28T10:37:42.366+0000] {processor.py:161} INFO - Started process (PID=711) to work on /opt/airflow/dags/weather.py
[2025-05-28T10:37:42.367+0000] {processor.py:830} INFO - Processing file /opt/airflow/dags/weather.py for tasks to queue
[2025-05-28T10:37:42.369+0000] {logging_mixin.py:188} INFO - [2025-05-28T10:37:42.368+0000] {dagbag.py:538} INFO - Filling up the DagBag from /opt/airflow/dags/weather.py
[2025-05-28T10:37:42.874+0000] {processor.py:840} INFO - DAG(s) 'weather_data_etl' retrieved from /opt/airflow/dags/weather.py
[2025-05-28T10:37:42.899+0000] {logging_mixin.py:188} INFO - [2025-05-28T10:37:42.898+0000] {dag.py:3036} INFO - Sync 1 DAGs
[2025-05-28T10:37:42.917+0000] {logging_mixin.py:188} INFO - [2025-05-28T10:37:42.917+0000] {dag.py:3823} INFO - Setting next_dagrun for weather_data_etl to 2025-05-28 10:35:00+00:00, run_after=2025-05-28 10:40:00+00:00
[2025-05-28T10:37:42.938+0000] {processor.py:183} INFO - Processing /opt/airflow/dags/weather.py took 0.576 seconds
[2025-05-28T10:38:13.225+0000] {processor.py:161} INFO - Started process (PID=743) to work on /opt/airflow/dags/weather.py
[2025-05-28T10:38:13.228+0000] {processor.py:830} INFO - Processing file /opt/airflow/dags/weather.py for tasks to queue
[2025-05-28T10:38:13.229+0000] {logging_mixin.py:188} INFO - [2025-05-28T10:38:13.229+0000] {dagbag.py:538} INFO - Filling up the DagBag from /opt/airflow/dags/weather.py
[2025-05-28T10:38:13.569+0000] {processor.py:840} INFO - DAG(s) 'weather_data_etl' retrieved from /opt/airflow/dags/weather.py
[2025-05-28T10:38:13.776+0000] {logging_mixin.py:188} INFO - [2025-05-28T10:38:13.775+0000] {dag.py:3036} INFO - Sync 1 DAGs
[2025-05-28T10:38:13.799+0000] {logging_mixin.py:188} INFO - [2025-05-28T10:38:13.799+0000] {dag.py:3823} INFO - Setting next_dagrun for weather_data_etl to 2025-05-28 10:35:00+00:00, run_after=2025-05-28 10:40:00+00:00
[2025-05-28T10:38:13.821+0000] {processor.py:183} INFO - Processing /opt/airflow/dags/weather.py took 0.600 seconds
[2025-05-28T10:38:44.678+0000] {processor.py:161} INFO - Started process (PID=775) to work on /opt/airflow/dags/weather.py
[2025-05-28T10:38:44.679+0000] {processor.py:830} INFO - Processing file /opt/airflow/dags/weather.py for tasks to queue
[2025-05-28T10:38:44.681+0000] {logging_mixin.py:188} INFO - [2025-05-28T10:38:44.681+0000] {dagbag.py:538} INFO - Filling up the DagBag from /opt/airflow/dags/weather.py
[2025-05-28T10:38:45.140+0000] {processor.py:840} INFO - DAG(s) 'weather_data_etl' retrieved from /opt/airflow/dags/weather.py
[2025-05-28T10:38:45.169+0000] {logging_mixin.py:188} INFO - [2025-05-28T10:38:45.168+0000] {dag.py:3036} INFO - Sync 1 DAGs
[2025-05-28T10:38:45.193+0000] {logging_mixin.py:188} INFO - [2025-05-28T10:38:45.193+0000] {dag.py:3823} INFO - Setting next_dagrun for weather_data_etl to 2025-05-28 10:35:00+00:00, run_after=2025-05-28 10:40:00+00:00
[2025-05-28T10:38:45.213+0000] {processor.py:183} INFO - Processing /opt/airflow/dags/weather.py took 0.538 seconds
[2025-05-28T10:39:15.471+0000] {processor.py:161} INFO - Started process (PID=807) to work on /opt/airflow/dags/weather.py
[2025-05-28T10:39:15.473+0000] {processor.py:830} INFO - Processing file /opt/airflow/dags/weather.py for tasks to queue
[2025-05-28T10:39:15.476+0000] {logging_mixin.py:188} INFO - [2025-05-28T10:39:15.475+0000] {dagbag.py:538} INFO - Filling up the DagBag from /opt/airflow/dags/weather.py
[2025-05-28T10:39:16.245+0000] {processor.py:840} INFO - DAG(s) 'weather_data_etl' retrieved from /opt/airflow/dags/weather.py
[2025-05-28T10:39:16.280+0000] {logging_mixin.py:188} INFO - [2025-05-28T10:39:16.280+0000] {dag.py:3036} INFO - Sync 1 DAGs
[2025-05-28T10:39:16.304+0000] {logging_mixin.py:188} INFO - [2025-05-28T10:39:16.303+0000] {dag.py:3823} INFO - Setting next_dagrun for weather_data_etl to 2025-05-28 10:35:00+00:00, run_after=2025-05-28 10:40:00+00:00
[2025-05-28T10:39:16.329+0000] {processor.py:183} INFO - Processing /opt/airflow/dags/weather.py took 0.864 seconds
[2025-05-28T10:39:46.911+0000] {processor.py:161} INFO - Started process (PID=839) to work on /opt/airflow/dags/weather.py
[2025-05-28T10:39:46.913+0000] {processor.py:830} INFO - Processing file /opt/airflow/dags/weather.py for tasks to queue
[2025-05-28T10:39:46.915+0000] {logging_mixin.py:188} INFO - [2025-05-28T10:39:46.915+0000] {dagbag.py:538} INFO - Filling up the DagBag from /opt/airflow/dags/weather.py
[2025-05-28T10:39:47.342+0000] {processor.py:840} INFO - DAG(s) 'weather_data_etl' retrieved from /opt/airflow/dags/weather.py
[2025-05-28T10:39:47.364+0000] {logging_mixin.py:188} INFO - [2025-05-28T10:39:47.364+0000] {dag.py:3036} INFO - Sync 1 DAGs
[2025-05-28T10:39:47.383+0000] {logging_mixin.py:188} INFO - [2025-05-28T10:39:47.382+0000] {dag.py:3823} INFO - Setting next_dagrun for weather_data_etl to 2025-05-28 10:35:00+00:00, run_after=2025-05-28 10:40:00+00:00
[2025-05-28T10:39:47.402+0000] {processor.py:183} INFO - Processing /opt/airflow/dags/weather.py took 0.494 seconds
[2025-05-28T10:40:18.048+0000] {processor.py:161} INFO - Started process (PID=880) to work on /opt/airflow/dags/weather.py
[2025-05-28T10:40:18.051+0000] {processor.py:830} INFO - Processing file /opt/airflow/dags/weather.py for tasks to queue
[2025-05-28T10:40:18.053+0000] {logging_mixin.py:188} INFO - [2025-05-28T10:40:18.053+0000] {dagbag.py:538} INFO - Filling up the DagBag from /opt/airflow/dags/weather.py
[2025-05-28T10:40:18.455+0000] {processor.py:840} INFO - DAG(s) 'weather_data_etl' retrieved from /opt/airflow/dags/weather.py
[2025-05-28T10:40:18.478+0000] {logging_mixin.py:188} INFO - [2025-05-28T10:40:18.478+0000] {dag.py:3036} INFO - Sync 1 DAGs
[2025-05-28T10:40:18.497+0000] {logging_mixin.py:188} INFO - [2025-05-28T10:40:18.497+0000] {dag.py:3823} INFO - Setting next_dagrun for weather_data_etl to 2025-05-28 10:40:00+00:00, run_after=2025-05-28 10:45:00+00:00
[2025-05-28T10:40:18.517+0000] {processor.py:183} INFO - Processing /opt/airflow/dags/weather.py took 0.473 seconds
[2025-05-28T10:40:48.637+0000] {processor.py:161} INFO - Started process (PID=912) to work on /opt/airflow/dags/weather.py
[2025-05-28T10:40:48.639+0000] {processor.py:830} INFO - Processing file /opt/airflow/dags/weather.py for tasks to queue
[2025-05-28T10:40:48.641+0000] {logging_mixin.py:188} INFO - [2025-05-28T10:40:48.641+0000] {dagbag.py:538} INFO - Filling up the DagBag from /opt/airflow/dags/weather.py
[2025-05-28T10:40:49.014+0000] {processor.py:840} INFO - DAG(s) 'weather_data_etl' retrieved from /opt/airflow/dags/weather.py
[2025-05-28T10:40:49.044+0000] {logging_mixin.py:188} INFO - [2025-05-28T10:40:49.044+0000] {dag.py:3036} INFO - Sync 1 DAGs
[2025-05-28T10:40:49.064+0000] {logging_mixin.py:188} INFO - [2025-05-28T10:40:49.064+0000] {dag.py:3823} INFO - Setting next_dagrun for weather_data_etl to 2025-05-28 10:40:00+00:00, run_after=2025-05-28 10:45:00+00:00
[2025-05-28T10:40:49.087+0000] {processor.py:183} INFO - Processing /opt/airflow/dags/weather.py took 0.456 seconds
[2025-05-28T10:41:19.397+0000] {processor.py:161} INFO - Started process (PID=944) to work on /opt/airflow/dags/weather.py
[2025-05-28T10:41:19.398+0000] {processor.py:830} INFO - Processing file /opt/airflow/dags/weather.py for tasks to queue
[2025-05-28T10:41:19.400+0000] {logging_mixin.py:188} INFO - [2025-05-28T10:41:19.400+0000] {dagbag.py:538} INFO - Filling up the DagBag from /opt/airflow/dags/weather.py
[2025-05-28T10:41:19.773+0000] {processor.py:840} INFO - DAG(s) 'weather_data_etl' retrieved from /opt/airflow/dags/weather.py
[2025-05-28T10:41:19.795+0000] {logging_mixin.py:188} INFO - [2025-05-28T10:41:19.795+0000] {dag.py:3036} INFO - Sync 1 DAGs
[2025-05-28T10:41:19.816+0000] {logging_mixin.py:188} INFO - [2025-05-28T10:41:19.816+0000] {dag.py:3823} INFO - Setting next_dagrun for weather_data_etl to 2025-05-28 10:40:00+00:00, run_after=2025-05-28 10:45:00+00:00
[2025-05-28T10:41:19.836+0000] {processor.py:183} INFO - Processing /opt/airflow/dags/weather.py took 0.445 seconds
[2025-05-28T10:41:50.642+0000] {processor.py:161} INFO - Started process (PID=976) to work on /opt/airflow/dags/weather.py
[2025-05-28T10:41:50.644+0000] {processor.py:830} INFO - Processing file /opt/airflow/dags/weather.py for tasks to queue
[2025-05-28T10:41:50.646+0000] {logging_mixin.py:188} INFO - [2025-05-28T10:41:50.645+0000] {dagbag.py:538} INFO - Filling up the DagBag from /opt/airflow/dags/weather.py
[2025-05-28T10:41:51.067+0000] {processor.py:840} INFO - DAG(s) 'weather_data_etl' retrieved from /opt/airflow/dags/weather.py
[2025-05-28T10:41:51.094+0000] {logging_mixin.py:188} INFO - [2025-05-28T10:41:51.094+0000] {dag.py:3036} INFO - Sync 1 DAGs
[2025-05-28T10:41:51.112+0000] {logging_mixin.py:188} INFO - [2025-05-28T10:41:51.111+0000] {dag.py:3823} INFO - Setting next_dagrun for weather_data_etl to 2025-05-28 10:40:00+00:00, run_after=2025-05-28 10:45:00+00:00
[2025-05-28T10:41:51.133+0000] {processor.py:183} INFO - Processing /opt/airflow/dags/weather.py took 0.496 seconds
[2025-05-28T10:42:21.343+0000] {processor.py:161} INFO - Started process (PID=1008) to work on /opt/airflow/dags/weather.py
[2025-05-28T10:42:21.344+0000] {processor.py:830} INFO - Processing file /opt/airflow/dags/weather.py for tasks to queue
[2025-05-28T10:42:21.346+0000] {logging_mixin.py:188} INFO - [2025-05-28T10:42:21.345+0000] {dagbag.py:538} INFO - Filling up the DagBag from /opt/airflow/dags/weather.py
[2025-05-28T10:42:21.848+0000] {processor.py:840} INFO - DAG(s) 'weather_data_etl' retrieved from /opt/airflow/dags/weather.py
[2025-05-28T10:42:21.870+0000] {logging_mixin.py:188} INFO - [2025-05-28T10:42:21.870+0000] {dag.py:3036} INFO - Sync 1 DAGs
[2025-05-28T10:42:21.886+0000] {logging_mixin.py:188} INFO - [2025-05-28T10:42:21.886+0000] {dag.py:3823} INFO - Setting next_dagrun for weather_data_etl to 2025-05-28 10:40:00+00:00, run_after=2025-05-28 10:45:00+00:00
[2025-05-28T10:42:21.906+0000] {processor.py:183} INFO - Processing /opt/airflow/dags/weather.py took 0.568 seconds
[2025-05-28T10:42:52.289+0000] {processor.py:161} INFO - Started process (PID=1040) to work on /opt/airflow/dags/weather.py
[2025-05-28T10:42:52.294+0000] {processor.py:830} INFO - Processing file /opt/airflow/dags/weather.py for tasks to queue
[2025-05-28T10:42:52.296+0000] {logging_mixin.py:188} INFO - [2025-05-28T10:42:52.296+0000] {dagbag.py:538} INFO - Filling up the DagBag from /opt/airflow/dags/weather.py
[2025-05-28T10:42:52.671+0000] {processor.py:840} INFO - DAG(s) 'weather_data_etl' retrieved from /opt/airflow/dags/weather.py
[2025-05-28T10:42:52.705+0000] {logging_mixin.py:188} INFO - [2025-05-28T10:42:52.704+0000] {dag.py:3036} INFO - Sync 1 DAGs
[2025-05-28T10:42:52.726+0000] {logging_mixin.py:188} INFO - [2025-05-28T10:42:52.726+0000] {dag.py:3823} INFO - Setting next_dagrun for weather_data_etl to 2025-05-28 10:40:00+00:00, run_after=2025-05-28 10:45:00+00:00
[2025-05-28T10:42:52.749+0000] {processor.py:183} INFO - Processing /opt/airflow/dags/weather.py took 0.463 seconds
[2025-05-28T10:43:22.981+0000] {processor.py:161} INFO - Started process (PID=1072) to work on /opt/airflow/dags/weather.py
[2025-05-28T10:43:22.982+0000] {processor.py:830} INFO - Processing file /opt/airflow/dags/weather.py for tasks to queue
[2025-05-28T10:43:22.986+0000] {logging_mixin.py:188} INFO - [2025-05-28T10:43:22.985+0000] {dagbag.py:538} INFO - Filling up the DagBag from /opt/airflow/dags/weather.py
[2025-05-28T10:43:23.423+0000] {processor.py:840} INFO - DAG(s) 'weather_data_etl' retrieved from /opt/airflow/dags/weather.py
[2025-05-28T10:43:23.445+0000] {logging_mixin.py:188} INFO - [2025-05-28T10:43:23.444+0000] {dag.py:3036} INFO - Sync 1 DAGs
[2025-05-28T10:43:23.463+0000] {logging_mixin.py:188} INFO - [2025-05-28T10:43:23.463+0000] {dag.py:3823} INFO - Setting next_dagrun for weather_data_etl to 2025-05-28 10:40:00+00:00, run_after=2025-05-28 10:45:00+00:00
[2025-05-28T10:43:23.481+0000] {processor.py:183} INFO - Processing /opt/airflow/dags/weather.py took 0.502 seconds
[2025-05-28T10:43:53.646+0000] {processor.py:161} INFO - Started process (PID=1104) to work on /opt/airflow/dags/weather.py
[2025-05-28T10:43:53.648+0000] {processor.py:830} INFO - Processing file /opt/airflow/dags/weather.py for tasks to queue
[2025-05-28T10:43:53.649+0000] {logging_mixin.py:188} INFO - [2025-05-28T10:43:53.649+0000] {dagbag.py:538} INFO - Filling up the DagBag from /opt/airflow/dags/weather.py
[2025-05-28T10:43:54.042+0000] {processor.py:840} INFO - DAG(s) 'weather_data_etl' retrieved from /opt/airflow/dags/weather.py
[2025-05-28T10:43:54.064+0000] {logging_mixin.py:188} INFO - [2025-05-28T10:43:54.064+0000] {dag.py:3036} INFO - Sync 1 DAGs
[2025-05-28T10:43:54.081+0000] {logging_mixin.py:188} INFO - [2025-05-28T10:43:54.081+0000] {dag.py:3823} INFO - Setting next_dagrun for weather_data_etl to 2025-05-28 10:40:00+00:00, run_after=2025-05-28 10:45:00+00:00
[2025-05-28T10:43:54.102+0000] {processor.py:183} INFO - Processing /opt/airflow/dags/weather.py took 0.459 seconds
[2025-05-28T10:44:24.293+0000] {processor.py:161} INFO - Started process (PID=1136) to work on /opt/airflow/dags/weather.py
[2025-05-28T10:44:24.295+0000] {processor.py:830} INFO - Processing file /opt/airflow/dags/weather.py for tasks to queue
[2025-05-28T10:44:24.298+0000] {logging_mixin.py:188} INFO - [2025-05-28T10:44:24.298+0000] {dagbag.py:538} INFO - Filling up the DagBag from /opt/airflow/dags/weather.py
[2025-05-28T10:44:24.749+0000] {processor.py:840} INFO - DAG(s) 'weather_data_etl' retrieved from /opt/airflow/dags/weather.py
[2025-05-28T10:44:24.769+0000] {logging_mixin.py:188} INFO - [2025-05-28T10:44:24.769+0000] {dag.py:3036} INFO - Sync 1 DAGs
[2025-05-28T10:44:24.789+0000] {logging_mixin.py:188} INFO - [2025-05-28T10:44:24.789+0000] {dag.py:3823} INFO - Setting next_dagrun for weather_data_etl to 2025-05-28 10:40:00+00:00, run_after=2025-05-28 10:45:00+00:00
[2025-05-28T10:44:24.810+0000] {processor.py:183} INFO - Processing /opt/airflow/dags/weather.py took 0.519 seconds
[2025-05-28T10:44:55.035+0000] {processor.py:161} INFO - Started process (PID=1168) to work on /opt/airflow/dags/weather.py
[2025-05-28T10:44:55.036+0000] {processor.py:830} INFO - Processing file /opt/airflow/dags/weather.py for tasks to queue
[2025-05-28T10:44:55.038+0000] {logging_mixin.py:188} INFO - [2025-05-28T10:44:55.038+0000] {dagbag.py:538} INFO - Filling up the DagBag from /opt/airflow/dags/weather.py
[2025-05-28T10:44:55.491+0000] {processor.py:840} INFO - DAG(s) 'weather_data_etl' retrieved from /opt/airflow/dags/weather.py
[2025-05-28T10:44:55.518+0000] {logging_mixin.py:188} INFO - [2025-05-28T10:44:55.518+0000] {dag.py:3036} INFO - Sync 1 DAGs
[2025-05-28T10:44:55.537+0000] {logging_mixin.py:188} INFO - [2025-05-28T10:44:55.537+0000] {dag.py:3823} INFO - Setting next_dagrun for weather_data_etl to 2025-05-28 10:40:00+00:00, run_after=2025-05-28 10:45:00+00:00
[2025-05-28T10:44:55.563+0000] {processor.py:183} INFO - Processing /opt/airflow/dags/weather.py took 0.531 seconds
[2025-05-28T10:45:25.905+0000] {processor.py:161} INFO - Started process (PID=1209) to work on /opt/airflow/dags/weather.py
[2025-05-28T10:45:25.908+0000] {processor.py:830} INFO - Processing file /opt/airflow/dags/weather.py for tasks to queue
[2025-05-28T10:45:25.910+0000] {logging_mixin.py:188} INFO - [2025-05-28T10:45:25.910+0000] {dagbag.py:538} INFO - Filling up the DagBag from /opt/airflow/dags/weather.py
[2025-05-28T10:45:26.382+0000] {processor.py:840} INFO - DAG(s) 'weather_data_etl' retrieved from /opt/airflow/dags/weather.py
[2025-05-28T10:45:26.400+0000] {logging_mixin.py:188} INFO - [2025-05-28T10:45:26.400+0000] {dag.py:3036} INFO - Sync 1 DAGs
[2025-05-28T10:45:26.423+0000] {logging_mixin.py:188} INFO - [2025-05-28T10:45:26.423+0000] {dag.py:3823} INFO - Setting next_dagrun for weather_data_etl to 2025-05-28 10:45:00+00:00, run_after=2025-05-28 10:50:00+00:00
[2025-05-28T10:45:26.445+0000] {processor.py:183} INFO - Processing /opt/airflow/dags/weather.py took 0.543 seconds
[2025-05-28T10:45:57.327+0000] {processor.py:161} INFO - Started process (PID=1241) to work on /opt/airflow/dags/weather.py
[2025-05-28T10:45:57.329+0000] {processor.py:830} INFO - Processing file /opt/airflow/dags/weather.py for tasks to queue
[2025-05-28T10:45:57.331+0000] {logging_mixin.py:188} INFO - [2025-05-28T10:45:57.330+0000] {dagbag.py:538} INFO - Filling up the DagBag from /opt/airflow/dags/weather.py
[2025-05-28T10:45:57.738+0000] {processor.py:840} INFO - DAG(s) 'weather_data_etl' retrieved from /opt/airflow/dags/weather.py
[2025-05-28T10:45:57.763+0000] {logging_mixin.py:188} INFO - [2025-05-28T10:45:57.762+0000] {dag.py:3036} INFO - Sync 1 DAGs
[2025-05-28T10:45:57.782+0000] {logging_mixin.py:188} INFO - [2025-05-28T10:45:57.781+0000] {dag.py:3823} INFO - Setting next_dagrun for weather_data_etl to 2025-05-28 10:45:00+00:00, run_after=2025-05-28 10:50:00+00:00
[2025-05-28T10:45:57.804+0000] {processor.py:183} INFO - Processing /opt/airflow/dags/weather.py took 0.479 seconds
[2025-05-28T10:46:28.223+0000] {processor.py:161} INFO - Started process (PID=1273) to work on /opt/airflow/dags/weather.py
[2025-05-28T10:46:28.224+0000] {processor.py:830} INFO - Processing file /opt/airflow/dags/weather.py for tasks to queue
[2025-05-28T10:46:28.225+0000] {logging_mixin.py:188} INFO - [2025-05-28T10:46:28.225+0000] {dagbag.py:538} INFO - Filling up the DagBag from /opt/airflow/dags/weather.py
[2025-05-28T10:46:28.624+0000] {processor.py:840} INFO - DAG(s) 'weather_data_etl' retrieved from /opt/airflow/dags/weather.py
[2025-05-28T10:46:28.653+0000] {logging_mixin.py:188} INFO - [2025-05-28T10:46:28.652+0000] {dag.py:3036} INFO - Sync 1 DAGs
[2025-05-28T10:46:28.678+0000] {logging_mixin.py:188} INFO - [2025-05-28T10:46:28.677+0000] {dag.py:3823} INFO - Setting next_dagrun for weather_data_etl to 2025-05-28 10:45:00+00:00, run_after=2025-05-28 10:50:00+00:00
[2025-05-28T10:46:28.704+0000] {processor.py:183} INFO - Processing /opt/airflow/dags/weather.py took 0.484 seconds
[2025-05-28T10:46:59.468+0000] {processor.py:161} INFO - Started process (PID=1304) to work on /opt/airflow/dags/weather.py
[2025-05-28T10:46:59.469+0000] {processor.py:830} INFO - Processing file /opt/airflow/dags/weather.py for tasks to queue
[2025-05-28T10:46:59.470+0000] {logging_mixin.py:188} INFO - [2025-05-28T10:46:59.470+0000] {dagbag.py:538} INFO - Filling up the DagBag from /opt/airflow/dags/weather.py
[2025-05-28T10:46:59.893+0000] {processor.py:840} INFO - DAG(s) 'weather_data_etl' retrieved from /opt/airflow/dags/weather.py
[2025-05-28T10:46:59.917+0000] {logging_mixin.py:188} INFO - [2025-05-28T10:46:59.917+0000] {dag.py:3036} INFO - Sync 1 DAGs
[2025-05-28T10:46:59.936+0000] {logging_mixin.py:188} INFO - [2025-05-28T10:46:59.935+0000] {dag.py:3823} INFO - Setting next_dagrun for weather_data_etl to 2025-05-28 10:45:00+00:00, run_after=2025-05-28 10:50:00+00:00
[2025-05-28T10:46:59.959+0000] {processor.py:183} INFO - Processing /opt/airflow/dags/weather.py took 0.494 seconds
[2025-05-28T10:47:30.152+0000] {processor.py:161} INFO - Started process (PID=1335) to work on /opt/airflow/dags/weather.py
[2025-05-28T10:47:30.154+0000] {processor.py:830} INFO - Processing file /opt/airflow/dags/weather.py for tasks to queue
[2025-05-28T10:47:30.155+0000] {logging_mixin.py:188} INFO - [2025-05-28T10:47:30.155+0000] {dagbag.py:538} INFO - Filling up the DagBag from /opt/airflow/dags/weather.py
[2025-05-28T10:47:30.544+0000] {processor.py:840} INFO - DAG(s) 'weather_data_etl' retrieved from /opt/airflow/dags/weather.py
[2025-05-28T10:47:30.571+0000] {logging_mixin.py:188} INFO - [2025-05-28T10:47:30.570+0000] {dag.py:3036} INFO - Sync 1 DAGs
[2025-05-28T10:47:30.592+0000] {logging_mixin.py:188} INFO - [2025-05-28T10:47:30.591+0000] {dag.py:3823} INFO - Setting next_dagrun for weather_data_etl to 2025-05-28 10:45:00+00:00, run_after=2025-05-28 10:50:00+00:00
[2025-05-28T10:47:30.616+0000] {processor.py:183} INFO - Processing /opt/airflow/dags/weather.py took 0.468 seconds
[2025-05-28T10:48:00.838+0000] {processor.py:161} INFO - Started process (PID=1367) to work on /opt/airflow/dags/weather.py
[2025-05-28T10:48:00.841+0000] {processor.py:830} INFO - Processing file /opt/airflow/dags/weather.py for tasks to queue
[2025-05-28T10:48:00.842+0000] {logging_mixin.py:188} INFO - [2025-05-28T10:48:00.842+0000] {dagbag.py:538} INFO - Filling up the DagBag from /opt/airflow/dags/weather.py
[2025-05-28T10:48:01.286+0000] {processor.py:840} INFO - DAG(s) 'weather_data_etl' retrieved from /opt/airflow/dags/weather.py
[2025-05-28T10:48:01.310+0000] {logging_mixin.py:188} INFO - [2025-05-28T10:48:01.310+0000] {dag.py:3036} INFO - Sync 1 DAGs
[2025-05-28T10:48:01.328+0000] {logging_mixin.py:188} INFO - [2025-05-28T10:48:01.328+0000] {dag.py:3823} INFO - Setting next_dagrun for weather_data_etl to 2025-05-28 10:45:00+00:00, run_after=2025-05-28 10:50:00+00:00
[2025-05-28T10:48:01.349+0000] {processor.py:183} INFO - Processing /opt/airflow/dags/weather.py took 0.514 seconds
[2025-05-28T10:48:32.071+0000] {processor.py:161} INFO - Started process (PID=1398) to work on /opt/airflow/dags/weather.py
[2025-05-28T10:48:32.073+0000] {processor.py:830} INFO - Processing file /opt/airflow/dags/weather.py for tasks to queue
[2025-05-28T10:48:32.075+0000] {logging_mixin.py:188} INFO - [2025-05-28T10:48:32.074+0000] {dagbag.py:538} INFO - Filling up the DagBag from /opt/airflow/dags/weather.py
[2025-05-28T10:48:32.575+0000] {processor.py:840} INFO - DAG(s) 'weather_data_etl' retrieved from /opt/airflow/dags/weather.py
[2025-05-28T10:48:32.607+0000] {logging_mixin.py:188} INFO - [2025-05-28T10:48:32.606+0000] {dag.py:3036} INFO - Sync 1 DAGs
[2025-05-28T10:48:32.625+0000] {logging_mixin.py:188} INFO - [2025-05-28T10:48:32.625+0000] {dag.py:3823} INFO - Setting next_dagrun for weather_data_etl to 2025-05-28 10:45:00+00:00, run_after=2025-05-28 10:50:00+00:00
[2025-05-28T10:48:32.654+0000] {processor.py:183} INFO - Processing /opt/airflow/dags/weather.py took 0.586 seconds
[2025-05-28T10:49:02.931+0000] {processor.py:161} INFO - Started process (PID=1423) to work on /opt/airflow/dags/weather.py
[2025-05-28T10:49:02.932+0000] {processor.py:830} INFO - Processing file /opt/airflow/dags/weather.py for tasks to queue
[2025-05-28T10:49:02.934+0000] {logging_mixin.py:188} INFO - [2025-05-28T10:49:02.934+0000] {dagbag.py:538} INFO - Filling up the DagBag from /opt/airflow/dags/weather.py
[2025-05-28T10:49:03.349+0000] {processor.py:840} INFO - DAG(s) 'weather_data_etl' retrieved from /opt/airflow/dags/weather.py
[2025-05-28T10:49:03.372+0000] {logging_mixin.py:188} INFO - [2025-05-28T10:49:03.372+0000] {dag.py:3036} INFO - Sync 1 DAGs
[2025-05-28T10:49:03.390+0000] {logging_mixin.py:188} INFO - [2025-05-28T10:49:03.389+0000] {dag.py:3823} INFO - Setting next_dagrun for weather_data_etl to 2025-05-28 10:45:00+00:00, run_after=2025-05-28 10:50:00+00:00
[2025-05-28T10:49:03.410+0000] {processor.py:183} INFO - Processing /opt/airflow/dags/weather.py took 0.484 seconds
[2025-05-28T10:49:33.724+0000] {processor.py:161} INFO - Started process (PID=1455) to work on /opt/airflow/dags/weather.py
[2025-05-28T10:49:33.726+0000] {processor.py:830} INFO - Processing file /opt/airflow/dags/weather.py for tasks to queue
[2025-05-28T10:49:33.728+0000] {logging_mixin.py:188} INFO - [2025-05-28T10:49:33.727+0000] {dagbag.py:538} INFO - Filling up the DagBag from /opt/airflow/dags/weather.py
[2025-05-28T10:49:34.146+0000] {processor.py:840} INFO - DAG(s) 'weather_data_etl' retrieved from /opt/airflow/dags/weather.py
[2025-05-28T10:49:34.173+0000] {logging_mixin.py:188} INFO - [2025-05-28T10:49:34.172+0000] {dag.py:3036} INFO - Sync 1 DAGs
[2025-05-28T10:49:34.190+0000] {logging_mixin.py:188} INFO - [2025-05-28T10:49:34.190+0000] {dag.py:3823} INFO - Setting next_dagrun for weather_data_etl to 2025-05-28 10:45:00+00:00, run_after=2025-05-28 10:50:00+00:00
[2025-05-28T10:49:34.211+0000] {processor.py:183} INFO - Processing /opt/airflow/dags/weather.py took 0.492 seconds
[2025-05-28T10:50:05.096+0000] {processor.py:161} INFO - Started process (PID=1496) to work on /opt/airflow/dags/weather.py
[2025-05-28T10:50:05.098+0000] {processor.py:830} INFO - Processing file /opt/airflow/dags/weather.py for tasks to queue
[2025-05-28T10:50:05.100+0000] {logging_mixin.py:188} INFO - [2025-05-28T10:50:05.100+0000] {dagbag.py:538} INFO - Filling up the DagBag from /opt/airflow/dags/weather.py
[2025-05-28T10:50:05.503+0000] {processor.py:840} INFO - DAG(s) 'weather_data_etl' retrieved from /opt/airflow/dags/weather.py
[2025-05-28T10:50:05.525+0000] {logging_mixin.py:188} INFO - [2025-05-28T10:50:05.525+0000] {dag.py:3036} INFO - Sync 1 DAGs
[2025-05-28T10:50:05.548+0000] {logging_mixin.py:188} INFO - [2025-05-28T10:50:05.548+0000] {dag.py:3823} INFO - Setting next_dagrun for weather_data_etl to 2025-05-28 10:50:00+00:00, run_after=2025-05-28 10:55:00+00:00
[2025-05-28T10:50:05.617+0000] {processor.py:183} INFO - Processing /opt/airflow/dags/weather.py took 0.523 seconds
[2025-05-28T10:50:35.796+0000] {processor.py:161} INFO - Started process (PID=1528) to work on /opt/airflow/dags/weather.py
[2025-05-28T10:50:35.797+0000] {processor.py:830} INFO - Processing file /opt/airflow/dags/weather.py for tasks to queue
[2025-05-28T10:50:35.799+0000] {logging_mixin.py:188} INFO - [2025-05-28T10:50:35.799+0000] {dagbag.py:538} INFO - Filling up the DagBag from /opt/airflow/dags/weather.py
[2025-05-28T10:50:36.249+0000] {processor.py:840} INFO - DAG(s) 'weather_data_etl' retrieved from /opt/airflow/dags/weather.py
[2025-05-28T10:50:36.280+0000] {logging_mixin.py:188} INFO - [2025-05-28T10:50:36.280+0000] {dag.py:3036} INFO - Sync 1 DAGs
[2025-05-28T10:50:36.298+0000] {logging_mixin.py:188} INFO - [2025-05-28T10:50:36.298+0000] {dag.py:3823} INFO - Setting next_dagrun for weather_data_etl to 2025-05-28 10:50:00+00:00, run_after=2025-05-28 10:55:00+00:00
[2025-05-28T10:50:36.316+0000] {processor.py:183} INFO - Processing /opt/airflow/dags/weather.py took 0.526 seconds
[2025-05-28T10:51:06.483+0000] {processor.py:161} INFO - Started process (PID=1563) to work on /opt/airflow/dags/weather.py
[2025-05-28T10:51:06.485+0000] {processor.py:830} INFO - Processing file /opt/airflow/dags/weather.py for tasks to queue
[2025-05-28T10:51:06.487+0000] {logging_mixin.py:188} INFO - [2025-05-28T10:51:06.487+0000] {dagbag.py:538} INFO - Filling up the DagBag from /opt/airflow/dags/weather.py
[2025-05-28T10:51:06.888+0000] {processor.py:840} INFO - DAG(s) 'weather_data_etl' retrieved from /opt/airflow/dags/weather.py
[2025-05-28T10:51:06.907+0000] {logging_mixin.py:188} INFO - [2025-05-28T10:51:06.907+0000] {dag.py:3036} INFO - Sync 1 DAGs
[2025-05-28T10:51:06.925+0000] {logging_mixin.py:188} INFO - [2025-05-28T10:51:06.925+0000] {dag.py:3823} INFO - Setting next_dagrun for weather_data_etl to 2025-05-28 10:50:00+00:00, run_after=2025-05-28 10:55:00+00:00
[2025-05-28T10:51:06.942+0000] {processor.py:183} INFO - Processing /opt/airflow/dags/weather.py took 0.464 seconds
[2025-05-28T10:51:37.471+0000] {processor.py:161} INFO - Started process (PID=1598) to work on /opt/airflow/dags/weather.py
[2025-05-28T10:51:37.472+0000] {processor.py:830} INFO - Processing file /opt/airflow/dags/weather.py for tasks to queue
[2025-05-28T10:51:37.473+0000] {logging_mixin.py:188} INFO - [2025-05-28T10:51:37.473+0000] {dagbag.py:538} INFO - Filling up the DagBag from /opt/airflow/dags/weather.py
[2025-05-28T10:51:37.834+0000] {processor.py:840} INFO - DAG(s) 'weather_data_etl' retrieved from /opt/airflow/dags/weather.py
[2025-05-28T10:51:37.860+0000] {logging_mixin.py:188} INFO - [2025-05-28T10:51:37.860+0000] {dag.py:3036} INFO - Sync 1 DAGs
[2025-05-28T10:51:37.878+0000] {logging_mixin.py:188} INFO - [2025-05-28T10:51:37.878+0000] {dag.py:3823} INFO - Setting next_dagrun for weather_data_etl to 2025-05-28 10:50:00+00:00, run_after=2025-05-28 10:55:00+00:00
[2025-05-28T10:51:37.900+0000] {processor.py:183} INFO - Processing /opt/airflow/dags/weather.py took 0.432 seconds
[2025-05-28T10:52:08.114+0000] {processor.py:161} INFO - Started process (PID=1624) to work on /opt/airflow/dags/weather.py
[2025-05-28T10:52:08.115+0000] {processor.py:830} INFO - Processing file /opt/airflow/dags/weather.py for tasks to queue
[2025-05-28T10:52:08.117+0000] {logging_mixin.py:188} INFO - [2025-05-28T10:52:08.116+0000] {dagbag.py:538} INFO - Filling up the DagBag from /opt/airflow/dags/weather.py
[2025-05-28T10:52:08.501+0000] {processor.py:840} INFO - DAG(s) 'weather_data_etl' retrieved from /opt/airflow/dags/weather.py
[2025-05-28T10:52:08.527+0000] {logging_mixin.py:188} INFO - [2025-05-28T10:52:08.526+0000] {dag.py:3036} INFO - Sync 1 DAGs
[2025-05-28T10:52:08.545+0000] {logging_mixin.py:188} INFO - [2025-05-28T10:52:08.545+0000] {dag.py:3823} INFO - Setting next_dagrun for weather_data_etl to 2025-05-28 10:50:00+00:00, run_after=2025-05-28 10:55:00+00:00
[2025-05-28T10:52:08.568+0000] {processor.py:183} INFO - Processing /opt/airflow/dags/weather.py took 0.458 seconds
[2025-05-28T10:57:36.152+0000] {processor.py:161} INFO - Started process (PID=1659) to work on /opt/airflow/dags/weather.py
[2025-05-28T10:57:36.157+0000] {processor.py:830} INFO - Processing file /opt/airflow/dags/weather.py for tasks to queue
[2025-05-28T10:57:36.159+0000] {logging_mixin.py:188} INFO - [2025-05-28T10:57:36.158+0000] {dagbag.py:538} INFO - Filling up the DagBag from /opt/airflow/dags/weather.py
[2025-05-28T10:57:36.804+0000] {processor.py:840} INFO - DAG(s) 'weather_data_etl' retrieved from /opt/airflow/dags/weather.py
[2025-05-28T10:57:36.840+0000] {logging_mixin.py:188} INFO - [2025-05-28T10:57:36.839+0000] {dag.py:3036} INFO - Sync 1 DAGs
[2025-05-28T10:57:36.868+0000] {logging_mixin.py:188} INFO - [2025-05-28T10:57:36.868+0000] {dag.py:3823} INFO - Setting next_dagrun for weather_data_etl to 2025-05-28 10:55:00+00:00, run_after=2025-05-28 11:00:00+00:00
[2025-05-28T10:57:36.894+0000] {processor.py:183} INFO - Processing /opt/airflow/dags/weather.py took 0.749 seconds
[2025-05-28T12:17:28.324+0000] {processor.py:161} INFO - Started process (PID=1694) to work on /opt/airflow/dags/weather.py
[2025-05-28T12:17:28.332+0000] {processor.py:830} INFO - Processing file /opt/airflow/dags/weather.py for tasks to queue
[2025-05-28T12:17:28.334+0000] {logging_mixin.py:188} INFO - [2025-05-28T12:17:28.333+0000] {dagbag.py:538} INFO - Filling up the DagBag from /opt/airflow/dags/weather.py
[2025-05-28T12:17:29.122+0000] {processor.py:840} INFO - DAG(s) 'weather_data_etl' retrieved from /opt/airflow/dags/weather.py
[2025-05-28T12:17:29.154+0000] {logging_mixin.py:188} INFO - [2025-05-28T12:17:29.153+0000] {dag.py:3036} INFO - Sync 1 DAGs
[2025-05-28T12:17:29.180+0000] {logging_mixin.py:188} INFO - [2025-05-28T12:17:29.180+0000] {dag.py:3823} INFO - Setting next_dagrun for weather_data_etl to 2025-05-28 12:15:00+00:00, run_after=2025-05-28 12:20:00+00:00
[2025-05-28T12:17:29.205+0000] {processor.py:183} INFO - Processing /opt/airflow/dags/weather.py took 0.896 seconds
[2025-05-28T12:17:29.279+0000] {processor.py:161} INFO - Started process (PID=1709) to work on /opt/airflow/dags/weather.py
[2025-05-28T12:17:29.280+0000] {processor.py:830} INFO - Processing file /opt/airflow/dags/weather.py for tasks to queue
[2025-05-28T12:17:29.282+0000] {logging_mixin.py:188} INFO - [2025-05-28T12:17:29.282+0000] {dagbag.py:538} INFO - Filling up the DagBag from /opt/airflow/dags/weather.py
[2025-05-28T12:17:29.941+0000] {processor.py:840} INFO - DAG(s) 'weather_data_etl' retrieved from /opt/airflow/dags/weather.py
[2025-05-28T12:17:29.979+0000] {logging_mixin.py:188} INFO - [2025-05-28T12:17:29.979+0000] {taskinstance.py:2700} ERROR - {'DAG Id': 'weather_data_etl', 'Task Id': 'load_weather_task', 'Run Id': 'scheduled__2025-05-28T10:50:00+00:00', 'Hostname': 'f1bd559e8a8b'}
[2025-05-28T12:17:30.022+0000] {logging_mixin.py:188} INFO - [2025-05-28T12:17:30.021+0000] {taskinstance.py:1138} INFO - Marking task as FAILED. dag_id=weather_data_etl, task_id=load_weather_task, execution_date=20250528T105000, start_date=20250528T105739, end_date=20250528T121729
[2025-05-28T12:17:30.037+0000] {processor.py:791} INFO - Executed failure callback for <TaskInstance: weather_data_etl.load_weather_task scheduled__2025-05-28T10:50:00+00:00 [failed]> in state failed
[2025-05-28T12:17:30.054+0000] {logging_mixin.py:188} INFO - [2025-05-28T12:17:30.054+0000] {dag.py:3036} INFO - Sync 1 DAGs
[2025-05-28T12:17:30.069+0000] {logging_mixin.py:188} INFO - [2025-05-28T12:17:30.069+0000] {dag.py:3823} INFO - Setting next_dagrun for weather_data_etl to 2025-05-28 12:15:00+00:00, run_after=2025-05-28 12:20:00+00:00
[2025-05-28T12:17:30.087+0000] {processor.py:183} INFO - Processing /opt/airflow/dags/weather.py took 0.811 seconds
